<?xml version="1.0" encoding="UTF-8"?>
<testsuite xmlns:xsi="http://www.w3.org/2001/XMLSchema-instance" xsi:noNamespaceSchemaLocation="https://maven.apache.org/surefire/maven-surefire-plugin/xsd/surefire-test-report-3.0.xsd" version="3.0" name="com.mercadolibre.services.MutantServicesTests" time="0.091" tests="11" errors="0" skipped="0" failures="0">
  <properties>
    <property name="java.specification.version" value="17"/>
    <property name="sun.jnu.encoding" value="UTF-8"/>
    <property name="java.class.path" value="/Users/axelarrondo/repo/ejercicio/ejercicio/target/test-classes:/Users/axelarrondo/repo/ejercicio/ejercicio/target/classes:/Users/axelarrondo/.m2/repository/org/springframework/boot/spring-boot-starter-data-mongodb/3.2.5/spring-boot-starter-data-mongodb-3.2.5.jar:/Users/axelarrondo/.m2/repository/org/springframework/boot/spring-boot-starter/3.2.5/spring-boot-starter-3.2.5.jar:/Users/axelarrondo/.m2/repository/org/springframework/boot/spring-boot/3.2.5/spring-boot-3.2.5.jar:/Users/axelarrondo/.m2/repository/org/springframework/boot/spring-boot-autoconfigure/3.2.5/spring-boot-autoconfigure-3.2.5.jar:/Users/axelarrondo/.m2/repository/org/springframework/boot/spring-boot-starter-logging/3.2.5/spring-boot-starter-logging-3.2.5.jar:/Users/axelarrondo/.m2/repository/ch/qos/logback/logback-classic/1.4.14/logback-classic-1.4.14.jar:/Users/axelarrondo/.m2/repository/ch/qos/logback/logback-core/1.4.14/logback-core-1.4.14.jar:/Users/axelarrondo/.m2/repository/org/apache/logging/log4j/log4j-to-slf4j/2.21.1/log4j-to-slf4j-2.21.1.jar:/Users/axelarrondo/.m2/repository/org/slf4j/jul-to-slf4j/2.0.13/jul-to-slf4j-2.0.13.jar:/Users/axelarrondo/.m2/repository/jakarta/annotation/jakarta.annotation-api/2.1.1/jakarta.annotation-api-2.1.1.jar:/Users/axelarrondo/.m2/repository/org/yaml/snakeyaml/2.2/snakeyaml-2.2.jar:/Users/axelarrondo/.m2/repository/org/mongodb/mongodb-driver-sync/4.11.2/mongodb-driver-sync-4.11.2.jar:/Users/axelarrondo/.m2/repository/org/mongodb/bson/4.11.2/bson-4.11.2.jar:/Users/axelarrondo/.m2/repository/org/mongodb/mongodb-driver-core/4.11.2/mongodb-driver-core-4.11.2.jar:/Users/axelarrondo/.m2/repository/org/mongodb/bson-record-codec/4.11.2/bson-record-codec-4.11.2.jar:/Users/axelarrondo/.m2/repository/org/springframework/data/spring-data-mongodb/4.2.5/spring-data-mongodb-4.2.5.jar:/Users/axelarrondo/.m2/repository/org/springframework/spring-tx/6.1.6/spring-tx-6.1.6.jar:/Users/axelarrondo/.m2/repository/org/springframework/spring-context/6.1.6/spring-context-6.1.6.jar:/Users/axelarrondo/.m2/repository/org/springframework/spring-beans/6.1.6/spring-beans-6.1.6.jar:/Users/axelarrondo/.m2/repository/org/springframework/spring-expression/6.1.6/spring-expression-6.1.6.jar:/Users/axelarrondo/.m2/repository/org/springframework/data/spring-data-commons/3.2.5/spring-data-commons-3.2.5.jar:/Users/axelarrondo/.m2/repository/org/slf4j/slf4j-api/2.0.13/slf4j-api-2.0.13.jar:/Users/axelarrondo/.m2/repository/com/fasterxml/jackson/core/jackson-annotations/2.15.4/jackson-annotations-2.15.4.jar:/Users/axelarrondo/.m2/repository/org/javatuples/javatuples/1.2/javatuples-1.2.jar:/Users/axelarrondo/.m2/repository/com/google/endpoints/endpoints-framework/2.2.1/endpoints-framework-2.2.1.jar:/Users/axelarrondo/.m2/repository/com/google/guava/guava/32.1.3-jre/guava-32.1.3-jre.jar:/Users/axelarrondo/.m2/repository/com/google/guava/failureaccess/1.0.1/failureaccess-1.0.1.jar:/Users/axelarrondo/.m2/repository/com/google/guava/listenablefuture/9999.0-empty-to-avoid-conflict-with-guava/listenablefuture-9999.0-empty-to-avoid-conflict-with-guava.jar:/Users/axelarrondo/.m2/repository/org/checkerframework/checker-qual/3.37.0/checker-qual-3.37.0.jar:/Users/axelarrondo/.m2/repository/com/google/errorprone/error_prone_annotations/2.21.1/error_prone_annotations-2.21.1.jar:/Users/axelarrondo/.m2/repository/com/google/j2objc/j2objc-annotations/2.8/j2objc-annotations-2.8.jar:/Users/axelarrondo/.m2/repository/com/fasterxml/jackson/core/jackson-core/2.15.4/jackson-core-2.15.4.jar:/Users/axelarrondo/.m2/repository/com/fasterxml/jackson/core/jackson-databind/2.15.4/jackson-databind-2.15.4.jar:/Users/axelarrondo/.m2/repository/com/google/appengine/appengine-api-1.0-sdk/1.9.60/appengine-api-1.0-sdk-1.9.60.jar:/Users/axelarrondo/.m2/repository/com/google/flogger/flogger/0.3.1/flogger-0.3.1.jar:/Users/axelarrondo/.m2/repository/com/google/http-client/google-http-client-jackson2/1.43.3/google-http-client-jackson2-1.43.3.jar:/Users/axelarrondo/.m2/repository/com/google/http-client/google-http-client/1.43.3/google-http-client-1.43.3.jar:/Users/axelarrondo/.m2/repository/io/opencensus/opencensus-api/0.31.1/opencensus-api-0.31.1.jar:/Users/axelarrondo/.m2/repository/io/grpc/grpc-context/1.59.1/grpc-context-1.59.1.jar:/Users/axelarrondo/.m2/repository/io/grpc/grpc-api/1.59.1/grpc-api-1.59.1.jar:/Users/axelarrondo/.m2/repository/io/opencensus/opencensus-contrib-http-util/0.31.1/opencensus-contrib-http-util-0.31.1.jar:/Users/axelarrondo/.m2/repository/com/google/api-client/google-api-client/2.2.0/google-api-client-2.2.0.jar:/Users/axelarrondo/.m2/repository/commons-codec/commons-codec/1.16.1/commons-codec-1.16.1.jar:/Users/axelarrondo/.m2/repository/com/google/oauth-client/google-oauth-client/1.34.1/google-oauth-client-1.34.1.jar:/Users/axelarrondo/.m2/repository/com/google/http-client/google-http-client-gson/1.43.3/google-http-client-gson-1.43.3.jar:/Users/axelarrondo/.m2/repository/com/google/code/gson/gson/2.10.1/gson-2.10.1.jar:/Users/axelarrondo/.m2/repository/com/google/http-client/google-http-client-apache-v2/1.43.3/google-http-client-apache-v2-1.43.3.jar:/Users/axelarrondo/.m2/repository/org/apache/httpcomponents/httpcore/4.4.16/httpcore-4.4.16.jar:/Users/axelarrondo/.m2/repository/org/apache/httpcomponents/httpclient/4.5.14/httpclient-4.5.14.jar:/Users/axelarrondo/.m2/repository/commons-logging/commons-logging/1.2/commons-logging-1.2.jar:/Users/axelarrondo/.m2/repository/com/google/api-client/google-api-client-appengine/2.2.0/google-api-client-appengine-2.2.0.jar:/Users/axelarrondo/.m2/repository/com/google/api-client/google-api-client-servlet/2.2.0/google-api-client-servlet-2.2.0.jar:/Users/axelarrondo/.m2/repository/javax/servlet/servlet-api/2.5/servlet-api-2.5.jar:/Users/axelarrondo/.m2/repository/com/google/http-client/google-http-client-appengine/1.43.3/google-http-client-appengine-1.43.3.jar:/Users/axelarrondo/.m2/repository/com/google/code/findbugs/jsr305/3.0.1/jsr305-3.0.1.jar:/Users/axelarrondo/.m2/repository/commons-fileupload/commons-fileupload/1.3.3/commons-fileupload-1.3.3.jar:/Users/axelarrondo/.m2/repository/commons-io/commons-io/2.2/commons-io-2.2.jar:/Users/axelarrondo/.m2/repository/io/swagger/swagger-models/1.5.9/swagger-models-1.5.9.jar:/Users/axelarrondo/.m2/repository/io/swagger/swagger-annotations/1.5.9/swagger-annotations-1.5.9.jar:/Users/axelarrondo/.m2/repository/io/swagger/swagger-core/1.5.9/swagger-core-1.5.9.jar:/Users/axelarrondo/.m2/repository/org/apache/commons/commons-lang3/3.13.0/commons-lang3-3.13.0.jar:/Users/axelarrondo/.m2/repository/com/fasterxml/jackson/datatype/jackson-datatype-joda/2.15.4/jackson-datatype-joda-2.15.4.jar:/Users/axelarrondo/.m2/repository/joda-time/joda-time/2.10.14/joda-time-2.10.14.jar:/Users/axelarrondo/.m2/repository/com/fasterxml/jackson/dataformat/jackson-dataformat-yaml/2.15.4/jackson-dataformat-yaml-2.15.4.jar:/Users/axelarrondo/.m2/repository/javax/validation/validation-api/1.1.0.Final/validation-api-1.1.0.Final.jar:/Users/axelarrondo/.m2/repository/org/slf4j/slf4j-nop/2.0.13/slf4j-nop-2.0.13.jar:/Users/axelarrondo/.m2/repository/com/google/flogger/flogger-system-backend/0.3.1/flogger-system-backend-0.3.1.jar:/Users/axelarrondo/.m2/repository/org/springframework/boot/spring-boot-starter-web/3.2.5/spring-boot-starter-web-3.2.5.jar:/Users/axelarrondo/.m2/repository/org/springframework/boot/spring-boot-starter-json/3.2.5/spring-boot-starter-json-3.2.5.jar:/Users/axelarrondo/.m2/repository/com/fasterxml/jackson/datatype/jackson-datatype-jdk8/2.15.4/jackson-datatype-jdk8-2.15.4.jar:/Users/axelarrondo/.m2/repository/com/fasterxml/jackson/datatype/jackson-datatype-jsr310/2.15.4/jackson-datatype-jsr310-2.15.4.jar:/Users/axelarrondo/.m2/repository/com/fasterxml/jackson/module/jackson-module-parameter-names/2.15.4/jackson-module-parameter-names-2.15.4.jar:/Users/axelarrondo/.m2/repository/org/springframework/boot/spring-boot-starter-tomcat/3.2.5/spring-boot-starter-tomcat-3.2.5.jar:/Users/axelarrondo/.m2/repository/org/apache/tomcat/embed/tomcat-embed-core/10.1.20/tomcat-embed-core-10.1.20.jar:/Users/axelarrondo/.m2/repository/org/apache/tomcat/embed/tomcat-embed-el/10.1.20/tomcat-embed-el-10.1.20.jar:/Users/axelarrondo/.m2/repository/org/apache/tomcat/embed/tomcat-embed-websocket/10.1.20/tomcat-embed-websocket-10.1.20.jar:/Users/axelarrondo/.m2/repository/org/springframework/spring-web/6.1.6/spring-web-6.1.6.jar:/Users/axelarrondo/.m2/repository/org/springframework/spring-webmvc/6.1.6/spring-webmvc-6.1.6.jar:/Users/axelarrondo/.m2/repository/org/springframework/spring-aop/6.1.6/spring-aop-6.1.6.jar:/Users/axelarrondo/.m2/repository/org/springframework/boot/spring-boot-starter-actuator/3.2.5/spring-boot-starter-actuator-3.2.5.jar:/Users/axelarrondo/.m2/repository/org/springframework/boot/spring-boot-actuator-autoconfigure/3.2.5/spring-boot-actuator-autoconfigure-3.2.5.jar:/Users/axelarrondo/.m2/repository/org/springframework/boot/spring-boot-actuator/3.2.5/spring-boot-actuator-3.2.5.jar:/Users/axelarrondo/.m2/repository/io/micrometer/micrometer-observation/1.12.5/micrometer-observation-1.12.5.jar:/Users/axelarrondo/.m2/repository/io/micrometer/micrometer-commons/1.12.5/micrometer-commons-1.12.5.jar:/Users/axelarrondo/.m2/repository/io/micrometer/micrometer-jakarta9/1.12.5/micrometer-jakarta9-1.12.5.jar:/Users/axelarrondo/.m2/repository/io/micrometer/micrometer-core/1.12.5/micrometer-core-1.12.5.jar:/Users/axelarrondo/.m2/repository/org/hdrhistogram/HdrHistogram/2.1.12/HdrHistogram-2.1.12.jar:/Users/axelarrondo/.m2/repository/org/latencyutils/LatencyUtils/2.0.3/LatencyUtils-2.0.3.jar:/Users/axelarrondo/.m2/repository/org/springframework/boot/spring-boot-starter-test/3.2.5/spring-boot-starter-test-3.2.5.jar:/Users/axelarrondo/.m2/repository/org/springframework/boot/spring-boot-test/3.2.5/spring-boot-test-3.2.5.jar:/Users/axelarrondo/.m2/repository/org/springframework/boot/spring-boot-test-autoconfigure/3.2.5/spring-boot-test-autoconfigure-3.2.5.jar:/Users/axelarrondo/.m2/repository/com/jayway/jsonpath/json-path/2.9.0/json-path-2.9.0.jar:/Users/axelarrondo/.m2/repository/jakarta/xml/bind/jakarta.xml.bind-api/4.0.2/jakarta.xml.bind-api-4.0.2.jar:/Users/axelarrondo/.m2/repository/jakarta/activation/jakarta.activation-api/2.1.3/jakarta.activation-api-2.1.3.jar:/Users/axelarrondo/.m2/repository/net/minidev/json-smart/2.5.1/json-smart-2.5.1.jar:/Users/axelarrondo/.m2/repository/net/minidev/accessors-smart/2.5.1/accessors-smart-2.5.1.jar:/Users/axelarrondo/.m2/repository/org/ow2/asm/asm/9.6/asm-9.6.jar:/Users/axelarrondo/.m2/repository/org/assertj/assertj-core/3.24.2/assertj-core-3.24.2.jar:/Users/axelarrondo/.m2/repository/net/bytebuddy/byte-buddy/1.14.13/byte-buddy-1.14.13.jar:/Users/axelarrondo/.m2/repository/org/awaitility/awaitility/4.2.1/awaitility-4.2.1.jar:/Users/axelarrondo/.m2/repository/org/hamcrest/hamcrest/2.2/hamcrest-2.2.jar:/Users/axelarrondo/.m2/repository/org/junit/jupiter/junit-jupiter/5.10.2/junit-jupiter-5.10.2.jar:/Users/axelarrondo/.m2/repository/org/junit/jupiter/junit-jupiter-api/5.10.2/junit-jupiter-api-5.10.2.jar:/Users/axelarrondo/.m2/repository/org/opentest4j/opentest4j/1.3.0/opentest4j-1.3.0.jar:/Users/axelarrondo/.m2/repository/org/junit/platform/junit-platform-commons/1.10.2/junit-platform-commons-1.10.2.jar:/Users/axelarrondo/.m2/repository/org/apiguardian/apiguardian-api/1.1.2/apiguardian-api-1.1.2.jar:/Users/axelarrondo/.m2/repository/org/junit/jupiter/junit-jupiter-params/5.10.2/junit-jupiter-params-5.10.2.jar:/Users/axelarrondo/.m2/repository/org/junit/jupiter/junit-jupiter-engine/5.10.2/junit-jupiter-engine-5.10.2.jar:/Users/axelarrondo/.m2/repository/org/junit/platform/junit-platform-engine/1.10.2/junit-platform-engine-1.10.2.jar:/Users/axelarrondo/.m2/repository/org/mockito/mockito-core/5.7.0/mockito-core-5.7.0.jar:/Users/axelarrondo/.m2/repository/net/bytebuddy/byte-buddy-agent/1.14.13/byte-buddy-agent-1.14.13.jar:/Users/axelarrondo/.m2/repository/org/objenesis/objenesis/3.3/objenesis-3.3.jar:/Users/axelarrondo/.m2/repository/org/mockito/mockito-junit-jupiter/5.7.0/mockito-junit-jupiter-5.7.0.jar:/Users/axelarrondo/.m2/repository/org/skyscreamer/jsonassert/1.5.1/jsonassert-1.5.1.jar:/Users/axelarrondo/.m2/repository/com/vaadin/external/google/android-json/0.0.20131108.vaadin1/android-json-0.0.20131108.vaadin1.jar:/Users/axelarrondo/.m2/repository/org/springframework/spring-core/6.1.6/spring-core-6.1.6.jar:/Users/axelarrondo/.m2/repository/org/springframework/spring-jcl/6.1.6/spring-jcl-6.1.6.jar:/Users/axelarrondo/.m2/repository/org/springframework/spring-test/6.1.6/spring-test-6.1.6.jar:/Users/axelarrondo/.m2/repository/org/xmlunit/xmlunit-core/2.9.1/xmlunit-core-2.9.1.jar:/Users/axelarrondo/.m2/repository/org/springframework/boot/spring-boot-starter-log4j2/3.2.5/spring-boot-starter-log4j2-3.2.5.jar:/Users/axelarrondo/.m2/repository/org/apache/logging/log4j/log4j-slf4j2-impl/2.21.1/log4j-slf4j2-impl-2.21.1.jar:/Users/axelarrondo/.m2/repository/org/apache/logging/log4j/log4j-api/2.21.1/log4j-api-2.21.1.jar:/Users/axelarrondo/.m2/repository/org/apache/logging/log4j/log4j-core/2.21.1/log4j-core-2.21.1.jar:/Users/axelarrondo/.m2/repository/org/apache/logging/log4j/log4j-jul/2.21.1/log4j-jul-2.21.1.jar:"/>
    <property name="java.vm.vendor" value="Eclipse Adoptium"/>
    <property name="sun.arch.data.model" value="64"/>
    <property name="catalina.useNaming" value="false"/>
    <property name="java.vendor.url" value="https://adoptium.net/"/>
    <property name="user.timezone" value="America/Argentina/Buenos_Aires"/>
    <property name="os.name" value="Mac OS X"/>
    <property name="java.vm.specification.version" value="17"/>
    <property name="sun.java.launcher" value="SUN_STANDARD"/>
    <property name="user.country" value="AR"/>
    <property name="sun.boot.library.path" value="/Library/Java/JavaVirtualMachines/temurin-17.jdk/Contents/Home/lib"/>
    <property name="sun.java.command" value="/Users/axelarrondo/repo/ejercicio/ejercicio/target/surefire/surefirebooter-20240608014849224_3.jar /Users/axelarrondo/repo/ejercicio/ejercicio/target/surefire 2024-06-08T01-48-49_109-jvmRun1 surefire-20240608014849224_1tmp surefire_0-20240608014849224_2tmp"/>
    <property name="http.nonProxyHosts" value="local|*.local|169.254/16|*.169.254/16"/>
    <property name="jdk.debug" value="release"/>
    <property name="surefire.test.class.path" value="/Users/axelarrondo/repo/ejercicio/ejercicio/target/test-classes:/Users/axelarrondo/repo/ejercicio/ejercicio/target/classes:/Users/axelarrondo/.m2/repository/org/springframework/boot/spring-boot-starter-data-mongodb/3.2.5/spring-boot-starter-data-mongodb-3.2.5.jar:/Users/axelarrondo/.m2/repository/org/springframework/boot/spring-boot-starter/3.2.5/spring-boot-starter-3.2.5.jar:/Users/axelarrondo/.m2/repository/org/springframework/boot/spring-boot/3.2.5/spring-boot-3.2.5.jar:/Users/axelarrondo/.m2/repository/org/springframework/boot/spring-boot-autoconfigure/3.2.5/spring-boot-autoconfigure-3.2.5.jar:/Users/axelarrondo/.m2/repository/org/springframework/boot/spring-boot-starter-logging/3.2.5/spring-boot-starter-logging-3.2.5.jar:/Users/axelarrondo/.m2/repository/ch/qos/logback/logback-classic/1.4.14/logback-classic-1.4.14.jar:/Users/axelarrondo/.m2/repository/ch/qos/logback/logback-core/1.4.14/logback-core-1.4.14.jar:/Users/axelarrondo/.m2/repository/org/apache/logging/log4j/log4j-to-slf4j/2.21.1/log4j-to-slf4j-2.21.1.jar:/Users/axelarrondo/.m2/repository/org/slf4j/jul-to-slf4j/2.0.13/jul-to-slf4j-2.0.13.jar:/Users/axelarrondo/.m2/repository/jakarta/annotation/jakarta.annotation-api/2.1.1/jakarta.annotation-api-2.1.1.jar:/Users/axelarrondo/.m2/repository/org/yaml/snakeyaml/2.2/snakeyaml-2.2.jar:/Users/axelarrondo/.m2/repository/org/mongodb/mongodb-driver-sync/4.11.2/mongodb-driver-sync-4.11.2.jar:/Users/axelarrondo/.m2/repository/org/mongodb/bson/4.11.2/bson-4.11.2.jar:/Users/axelarrondo/.m2/repository/org/mongodb/mongodb-driver-core/4.11.2/mongodb-driver-core-4.11.2.jar:/Users/axelarrondo/.m2/repository/org/mongodb/bson-record-codec/4.11.2/bson-record-codec-4.11.2.jar:/Users/axelarrondo/.m2/repository/org/springframework/data/spring-data-mongodb/4.2.5/spring-data-mongodb-4.2.5.jar:/Users/axelarrondo/.m2/repository/org/springframework/spring-tx/6.1.6/spring-tx-6.1.6.jar:/Users/axelarrondo/.m2/repository/org/springframework/spring-context/6.1.6/spring-context-6.1.6.jar:/Users/axelarrondo/.m2/repository/org/springframework/spring-beans/6.1.6/spring-beans-6.1.6.jar:/Users/axelarrondo/.m2/repository/org/springframework/spring-expression/6.1.6/spring-expression-6.1.6.jar:/Users/axelarrondo/.m2/repository/org/springframework/data/spring-data-commons/3.2.5/spring-data-commons-3.2.5.jar:/Users/axelarrondo/.m2/repository/org/slf4j/slf4j-api/2.0.13/slf4j-api-2.0.13.jar:/Users/axelarrondo/.m2/repository/com/fasterxml/jackson/core/jackson-annotations/2.15.4/jackson-annotations-2.15.4.jar:/Users/axelarrondo/.m2/repository/org/javatuples/javatuples/1.2/javatuples-1.2.jar:/Users/axelarrondo/.m2/repository/com/google/endpoints/endpoints-framework/2.2.1/endpoints-framework-2.2.1.jar:/Users/axelarrondo/.m2/repository/com/google/guava/guava/32.1.3-jre/guava-32.1.3-jre.jar:/Users/axelarrondo/.m2/repository/com/google/guava/failureaccess/1.0.1/failureaccess-1.0.1.jar:/Users/axelarrondo/.m2/repository/com/google/guava/listenablefuture/9999.0-empty-to-avoid-conflict-with-guava/listenablefuture-9999.0-empty-to-avoid-conflict-with-guava.jar:/Users/axelarrondo/.m2/repository/org/checkerframework/checker-qual/3.37.0/checker-qual-3.37.0.jar:/Users/axelarrondo/.m2/repository/com/google/errorprone/error_prone_annotations/2.21.1/error_prone_annotations-2.21.1.jar:/Users/axelarrondo/.m2/repository/com/google/j2objc/j2objc-annotations/2.8/j2objc-annotations-2.8.jar:/Users/axelarrondo/.m2/repository/com/fasterxml/jackson/core/jackson-core/2.15.4/jackson-core-2.15.4.jar:/Users/axelarrondo/.m2/repository/com/fasterxml/jackson/core/jackson-databind/2.15.4/jackson-databind-2.15.4.jar:/Users/axelarrondo/.m2/repository/com/google/appengine/appengine-api-1.0-sdk/1.9.60/appengine-api-1.0-sdk-1.9.60.jar:/Users/axelarrondo/.m2/repository/com/google/flogger/flogger/0.3.1/flogger-0.3.1.jar:/Users/axelarrondo/.m2/repository/com/google/http-client/google-http-client-jackson2/1.43.3/google-http-client-jackson2-1.43.3.jar:/Users/axelarrondo/.m2/repository/com/google/http-client/google-http-client/1.43.3/google-http-client-1.43.3.jar:/Users/axelarrondo/.m2/repository/io/opencensus/opencensus-api/0.31.1/opencensus-api-0.31.1.jar:/Users/axelarrondo/.m2/repository/io/grpc/grpc-context/1.59.1/grpc-context-1.59.1.jar:/Users/axelarrondo/.m2/repository/io/grpc/grpc-api/1.59.1/grpc-api-1.59.1.jar:/Users/axelarrondo/.m2/repository/io/opencensus/opencensus-contrib-http-util/0.31.1/opencensus-contrib-http-util-0.31.1.jar:/Users/axelarrondo/.m2/repository/com/google/api-client/google-api-client/2.2.0/google-api-client-2.2.0.jar:/Users/axelarrondo/.m2/repository/commons-codec/commons-codec/1.16.1/commons-codec-1.16.1.jar:/Users/axelarrondo/.m2/repository/com/google/oauth-client/google-oauth-client/1.34.1/google-oauth-client-1.34.1.jar:/Users/axelarrondo/.m2/repository/com/google/http-client/google-http-client-gson/1.43.3/google-http-client-gson-1.43.3.jar:/Users/axelarrondo/.m2/repository/com/google/code/gson/gson/2.10.1/gson-2.10.1.jar:/Users/axelarrondo/.m2/repository/com/google/http-client/google-http-client-apache-v2/1.43.3/google-http-client-apache-v2-1.43.3.jar:/Users/axelarrondo/.m2/repository/org/apache/httpcomponents/httpcore/4.4.16/httpcore-4.4.16.jar:/Users/axelarrondo/.m2/repository/org/apache/httpcomponents/httpclient/4.5.14/httpclient-4.5.14.jar:/Users/axelarrondo/.m2/repository/commons-logging/commons-logging/1.2/commons-logging-1.2.jar:/Users/axelarrondo/.m2/repository/com/google/api-client/google-api-client-appengine/2.2.0/google-api-client-appengine-2.2.0.jar:/Users/axelarrondo/.m2/repository/com/google/api-client/google-api-client-servlet/2.2.0/google-api-client-servlet-2.2.0.jar:/Users/axelarrondo/.m2/repository/javax/servlet/servlet-api/2.5/servlet-api-2.5.jar:/Users/axelarrondo/.m2/repository/com/google/http-client/google-http-client-appengine/1.43.3/google-http-client-appengine-1.43.3.jar:/Users/axelarrondo/.m2/repository/com/google/code/findbugs/jsr305/3.0.1/jsr305-3.0.1.jar:/Users/axelarrondo/.m2/repository/commons-fileupload/commons-fileupload/1.3.3/commons-fileupload-1.3.3.jar:/Users/axelarrondo/.m2/repository/commons-io/commons-io/2.2/commons-io-2.2.jar:/Users/axelarrondo/.m2/repository/io/swagger/swagger-models/1.5.9/swagger-models-1.5.9.jar:/Users/axelarrondo/.m2/repository/io/swagger/swagger-annotations/1.5.9/swagger-annotations-1.5.9.jar:/Users/axelarrondo/.m2/repository/io/swagger/swagger-core/1.5.9/swagger-core-1.5.9.jar:/Users/axelarrondo/.m2/repository/org/apache/commons/commons-lang3/3.13.0/commons-lang3-3.13.0.jar:/Users/axelarrondo/.m2/repository/com/fasterxml/jackson/datatype/jackson-datatype-joda/2.15.4/jackson-datatype-joda-2.15.4.jar:/Users/axelarrondo/.m2/repository/joda-time/joda-time/2.10.14/joda-time-2.10.14.jar:/Users/axelarrondo/.m2/repository/com/fasterxml/jackson/dataformat/jackson-dataformat-yaml/2.15.4/jackson-dataformat-yaml-2.15.4.jar:/Users/axelarrondo/.m2/repository/javax/validation/validation-api/1.1.0.Final/validation-api-1.1.0.Final.jar:/Users/axelarrondo/.m2/repository/org/slf4j/slf4j-nop/2.0.13/slf4j-nop-2.0.13.jar:/Users/axelarrondo/.m2/repository/com/google/flogger/flogger-system-backend/0.3.1/flogger-system-backend-0.3.1.jar:/Users/axelarrondo/.m2/repository/org/springframework/boot/spring-boot-starter-web/3.2.5/spring-boot-starter-web-3.2.5.jar:/Users/axelarrondo/.m2/repository/org/springframework/boot/spring-boot-starter-json/3.2.5/spring-boot-starter-json-3.2.5.jar:/Users/axelarrondo/.m2/repository/com/fasterxml/jackson/datatype/jackson-datatype-jdk8/2.15.4/jackson-datatype-jdk8-2.15.4.jar:/Users/axelarrondo/.m2/repository/com/fasterxml/jackson/datatype/jackson-datatype-jsr310/2.15.4/jackson-datatype-jsr310-2.15.4.jar:/Users/axelarrondo/.m2/repository/com/fasterxml/jackson/module/jackson-module-parameter-names/2.15.4/jackson-module-parameter-names-2.15.4.jar:/Users/axelarrondo/.m2/repository/org/springframework/boot/spring-boot-starter-tomcat/3.2.5/spring-boot-starter-tomcat-3.2.5.jar:/Users/axelarrondo/.m2/repository/org/apache/tomcat/embed/tomcat-embed-core/10.1.20/tomcat-embed-core-10.1.20.jar:/Users/axelarrondo/.m2/repository/org/apache/tomcat/embed/tomcat-embed-el/10.1.20/tomcat-embed-el-10.1.20.jar:/Users/axelarrondo/.m2/repository/org/apache/tomcat/embed/tomcat-embed-websocket/10.1.20/tomcat-embed-websocket-10.1.20.jar:/Users/axelarrondo/.m2/repository/org/springframework/spring-web/6.1.6/spring-web-6.1.6.jar:/Users/axelarrondo/.m2/repository/org/springframework/spring-webmvc/6.1.6/spring-webmvc-6.1.6.jar:/Users/axelarrondo/.m2/repository/org/springframework/spring-aop/6.1.6/spring-aop-6.1.6.jar:/Users/axelarrondo/.m2/repository/org/springframework/boot/spring-boot-starter-actuator/3.2.5/spring-boot-starter-actuator-3.2.5.jar:/Users/axelarrondo/.m2/repository/org/springframework/boot/spring-boot-actuator-autoconfigure/3.2.5/spring-boot-actuator-autoconfigure-3.2.5.jar:/Users/axelarrondo/.m2/repository/org/springframework/boot/spring-boot-actuator/3.2.5/spring-boot-actuator-3.2.5.jar:/Users/axelarrondo/.m2/repository/io/micrometer/micrometer-observation/1.12.5/micrometer-observation-1.12.5.jar:/Users/axelarrondo/.m2/repository/io/micrometer/micrometer-commons/1.12.5/micrometer-commons-1.12.5.jar:/Users/axelarrondo/.m2/repository/io/micrometer/micrometer-jakarta9/1.12.5/micrometer-jakarta9-1.12.5.jar:/Users/axelarrondo/.m2/repository/io/micrometer/micrometer-core/1.12.5/micrometer-core-1.12.5.jar:/Users/axelarrondo/.m2/repository/org/hdrhistogram/HdrHistogram/2.1.12/HdrHistogram-2.1.12.jar:/Users/axelarrondo/.m2/repository/org/latencyutils/LatencyUtils/2.0.3/LatencyUtils-2.0.3.jar:/Users/axelarrondo/.m2/repository/org/springframework/boot/spring-boot-starter-test/3.2.5/spring-boot-starter-test-3.2.5.jar:/Users/axelarrondo/.m2/repository/org/springframework/boot/spring-boot-test/3.2.5/spring-boot-test-3.2.5.jar:/Users/axelarrondo/.m2/repository/org/springframework/boot/spring-boot-test-autoconfigure/3.2.5/spring-boot-test-autoconfigure-3.2.5.jar:/Users/axelarrondo/.m2/repository/com/jayway/jsonpath/json-path/2.9.0/json-path-2.9.0.jar:/Users/axelarrondo/.m2/repository/jakarta/xml/bind/jakarta.xml.bind-api/4.0.2/jakarta.xml.bind-api-4.0.2.jar:/Users/axelarrondo/.m2/repository/jakarta/activation/jakarta.activation-api/2.1.3/jakarta.activation-api-2.1.3.jar:/Users/axelarrondo/.m2/repository/net/minidev/json-smart/2.5.1/json-smart-2.5.1.jar:/Users/axelarrondo/.m2/repository/net/minidev/accessors-smart/2.5.1/accessors-smart-2.5.1.jar:/Users/axelarrondo/.m2/repository/org/ow2/asm/asm/9.6/asm-9.6.jar:/Users/axelarrondo/.m2/repository/org/assertj/assertj-core/3.24.2/assertj-core-3.24.2.jar:/Users/axelarrondo/.m2/repository/net/bytebuddy/byte-buddy/1.14.13/byte-buddy-1.14.13.jar:/Users/axelarrondo/.m2/repository/org/awaitility/awaitility/4.2.1/awaitility-4.2.1.jar:/Users/axelarrondo/.m2/repository/org/hamcrest/hamcrest/2.2/hamcrest-2.2.jar:/Users/axelarrondo/.m2/repository/org/junit/jupiter/junit-jupiter/5.10.2/junit-jupiter-5.10.2.jar:/Users/axelarrondo/.m2/repository/org/junit/jupiter/junit-jupiter-api/5.10.2/junit-jupiter-api-5.10.2.jar:/Users/axelarrondo/.m2/repository/org/opentest4j/opentest4j/1.3.0/opentest4j-1.3.0.jar:/Users/axelarrondo/.m2/repository/org/junit/platform/junit-platform-commons/1.10.2/junit-platform-commons-1.10.2.jar:/Users/axelarrondo/.m2/repository/org/apiguardian/apiguardian-api/1.1.2/apiguardian-api-1.1.2.jar:/Users/axelarrondo/.m2/repository/org/junit/jupiter/junit-jupiter-params/5.10.2/junit-jupiter-params-5.10.2.jar:/Users/axelarrondo/.m2/repository/org/junit/jupiter/junit-jupiter-engine/5.10.2/junit-jupiter-engine-5.10.2.jar:/Users/axelarrondo/.m2/repository/org/junit/platform/junit-platform-engine/1.10.2/junit-platform-engine-1.10.2.jar:/Users/axelarrondo/.m2/repository/org/mockito/mockito-core/5.7.0/mockito-core-5.7.0.jar:/Users/axelarrondo/.m2/repository/net/bytebuddy/byte-buddy-agent/1.14.13/byte-buddy-agent-1.14.13.jar:/Users/axelarrondo/.m2/repository/org/objenesis/objenesis/3.3/objenesis-3.3.jar:/Users/axelarrondo/.m2/repository/org/mockito/mockito-junit-jupiter/5.7.0/mockito-junit-jupiter-5.7.0.jar:/Users/axelarrondo/.m2/repository/org/skyscreamer/jsonassert/1.5.1/jsonassert-1.5.1.jar:/Users/axelarrondo/.m2/repository/com/vaadin/external/google/android-json/0.0.20131108.vaadin1/android-json-0.0.20131108.vaadin1.jar:/Users/axelarrondo/.m2/repository/org/springframework/spring-core/6.1.6/spring-core-6.1.6.jar:/Users/axelarrondo/.m2/repository/org/springframework/spring-jcl/6.1.6/spring-jcl-6.1.6.jar:/Users/axelarrondo/.m2/repository/org/springframework/spring-test/6.1.6/spring-test-6.1.6.jar:/Users/axelarrondo/.m2/repository/org/xmlunit/xmlunit-core/2.9.1/xmlunit-core-2.9.1.jar:/Users/axelarrondo/.m2/repository/org/springframework/boot/spring-boot-starter-log4j2/3.2.5/spring-boot-starter-log4j2-3.2.5.jar:/Users/axelarrondo/.m2/repository/org/apache/logging/log4j/log4j-slf4j2-impl/2.21.1/log4j-slf4j2-impl-2.21.1.jar:/Users/axelarrondo/.m2/repository/org/apache/logging/log4j/log4j-api/2.21.1/log4j-api-2.21.1.jar:/Users/axelarrondo/.m2/repository/org/apache/logging/log4j/log4j-core/2.21.1/log4j-core-2.21.1.jar:/Users/axelarrondo/.m2/repository/org/apache/logging/log4j/log4j-jul/2.21.1/log4j-jul-2.21.1.jar:"/>
    <property name="sun.cpu.endian" value="little"/>
    <property name="user.home" value="/Users/axelarrondo"/>
    <property name="user.language" value="es"/>
    <property name="java.specification.vendor" value="Oracle Corporation"/>
    <property name="java.version.date" value="2022-10-18"/>
    <property name="java.home" value="/Library/Java/JavaVirtualMachines/temurin-17.jdk/Contents/Home"/>
    <property name="file.separator" value="/"/>
    <property name="basedir" value="/Users/axelarrondo/repo/ejercicio/ejercicio"/>
    <property name="java.vm.compressedOopsMode" value="Zero based"/>
    <property name="line.separator" value="&#10;"/>
    <property name="java.vm.specification.vendor" value="Oracle Corporation"/>
    <property name="java.specification.name" value="Java Platform API Specification"/>
    <property name="FILE_LOG_CHARSET" value="UTF-8"/>
    <property name="java.awt.headless" value="true"/>
    <property name="surefire.real.class.path" value="/Users/axelarrondo/repo/ejercicio/ejercicio/target/surefire/surefirebooter-20240608014849224_3.jar"/>
    <property name="sun.management.compiler" value="HotSpot 64-Bit Tiered Compilers"/>
    <property name="ftp.nonProxyHosts" value="local|*.local|169.254/16|*.169.254/16"/>
    <property name="java.runtime.version" value="17.0.5+8"/>
    <property name="user.name" value="axelarrondo"/>
    <property name="path.separator" value=":"/>
    <property name="os.version" value="13.6.6"/>
    <property name="java.runtime.name" value="OpenJDK Runtime Environment"/>
    <property name="file.encoding" value="UTF-8"/>
    <property name="java.vm.name" value="OpenJDK 64-Bit Server VM"/>
    <property name="java.vendor.version" value="Temurin-17.0.5+8"/>
    <property name="localRepository" value="/Users/axelarrondo/.m2/repository"/>
    <property name="java.vendor.url.bug" value="https://github.com/adoptium/adoptium-support/issues"/>
    <property name="java.io.tmpdir" value="/var/folders/g2/1rl6sm8s5px0vtljn652lq7h0000gn/T/"/>
    <property name="catalina.home" value="/private/var/folders/g2/1rl6sm8s5px0vtljn652lq7h0000gn/T/tomcat.8080.2111576716403609752"/>
    <property name="java.version" value="17.0.5"/>
    <property name="user.dir" value="/Users/axelarrondo/repo/ejercicio/ejercicio"/>
    <property name="os.arch" value="x86_64"/>
    <property name="java.vm.specification.name" value="Java Virtual Machine Specification"/>
    <property name="PID" value="32982"/>
    <property name="CONSOLE_LOG_CHARSET" value="UTF-8"/>
    <property name="catalina.base" value="/private/var/folders/g2/1rl6sm8s5px0vtljn652lq7h0000gn/T/tomcat.8080.2111576716403609752"/>
    <property name="native.encoding" value="UTF-8"/>
    <property name="java.library.path" value="/Users/axelarrondo/Library/Java/Extensions:/Library/Java/Extensions:/Network/Library/Java/Extensions:/System/Library/Java/Extensions:/usr/lib/java:."/>
    <property name="java.vm.info" value="mixed mode, sharing"/>
    <property name="java.vendor" value="Eclipse Adoptium"/>
    <property name="java.vm.version" value="17.0.5+8"/>
    <property name="sun.io.unicode.encoding" value="UnicodeBig"/>
    <property name="socksNonProxyHosts" value="local|*.local|169.254/16|*.169.254/16"/>
    <property name="java.class.version" value="61.0"/>
    <property name="LOGGED_APPLICATION_NAME" value="[demo] "/>
  </properties>
  <testcase name="checkMatrixOfExampleNoMutant" classname="com.mercadolibre.services.MutantServicesTests" time="0.011">
    <system-out><![CDATA[2024-06-08T01:48:56.653-03:00  INFO 32982 --- [demo] [           main] t.c.s.AnnotationConfigContextLoaderUtils : Could not detect default configuration classes for test class [com.mercadolibre.services.MutantServicesTests]: MutantServicesTests does not declare any static, non-private, non-final, nested classes annotated with @Configuration.
2024-06-08T01:48:56.664-03:00  INFO 32982 --- [demo] [           main] .b.t.c.SpringBootTestContextBootstrapper : Found @SpringBootConfiguration com.mercadolibre.EjercicioApplication for test class com.mercadolibre.services.MutantServicesTests
2024-06-08T01:48:56.673-03:00  INFO 32982 --- [demo] [           main] c.mercadolibre.services.MutantService    : mongodb+srv://Cluster86613:Axelpro1@cluster0.eaierov.mongodb.net/?retryWrites=true&w=majority&appName=Cluster0 
2024-06-08T01:48:56.674-03:00  INFO 32982 --- [demo] [           main] c.mercadolibre.services.MutantService    : no es mutante
]]></system-out>
  </testcase>
  <testcase name="cruzEsPositivo" classname="com.mercadolibre.services.MutantServicesTests" time="0.003">
    <system-out><![CDATA[2024-06-08T01:48:56.680-03:00  INFO 32982 --- [demo] [           main] c.mercadolibre.services.MutantService    : mongodb+srv://Cluster86613:Axelpro1@cluster0.eaierov.mongodb.net/?retryWrites=true&w=majority&appName=Cluster0 
2024-06-08T01:48:56.680-03:00  INFO 32982 --- [demo] [           main] c.mercadolibre.services.MutantService    : es mutante por horizontal, vertical o diagonal
]]></system-out>
  </testcase>
  <testcase name="checkMatrixNull" classname="com.mercadolibre.services.MutantServicesTests" time="0.007">
    <system-out><![CDATA[2024-06-08T01:48:56.686-03:00  INFO 32982 --- [demo] [           main] c.mercadolibre.services.MutantService    : mongodb+srv://Cluster86613:Axelpro1@cluster0.eaierov.mongodb.net/?retryWrites=true&w=majority&appName=Cluster0 
]]></system-out>
  </testcase>
  <testcase name="checkMatrixNoMutant" classname="com.mercadolibre.services.MutantServicesTests" time="0.005">
    <system-out><![CDATA[2024-06-08T01:48:56.694-03:00  INFO 32982 --- [demo] [           main] c.mercadolibre.services.MutantService    : mongodb+srv://Cluster86613:Axelpro1@cluster0.eaierov.mongodb.net/?retryWrites=true&w=majority&appName=Cluster0 
2024-06-08T01:48:56.694-03:00  INFO 32982 --- [demo] [           main] c.mercadolibre.services.MutantService    : no es mutante
]]></system-out>
  </testcase>
  <testcase name="checkMatrixOfExampleMutant" classname="com.mercadolibre.services.MutantServicesTests" time="0.005">
    <system-out><![CDATA[2024-06-08T01:48:56.700-03:00  INFO 32982 --- [demo] [           main] c.mercadolibre.services.MutantService    : mongodb+srv://Cluster86613:Axelpro1@cluster0.eaierov.mongodb.net/?retryWrites=true&w=majority&appName=Cluster0 
2024-06-08T01:48:56.701-03:00  INFO 32982 --- [demo] [           main] c.mercadolibre.services.MutantService    : es mutante por horizontal, vertical o diagonal
]]></system-out>
  </testcase>
  <testcase name="checkMatrixHorizontalAndVerticalMutant" classname="com.mercadolibre.services.MutantServicesTests" time="0.005">
    <system-out><![CDATA[2024-06-08T01:48:56.706-03:00  INFO 32982 --- [demo] [           main] c.mercadolibre.services.MutantService    : mongodb+srv://Cluster86613:Axelpro1@cluster0.eaierov.mongodb.net/?retryWrites=true&w=majority&appName=Cluster0 
2024-06-08T01:48:56.707-03:00  INFO 32982 --- [demo] [           main] c.mercadolibre.services.MutantService    : es mutante por horizontal, vertical o diagonal
]]></system-out>
  </testcase>
  <testcase name="checkMatrixVerticalMutantAndLastRowIsHorizontal" classname="com.mercadolibre.services.MutantServicesTests" time="0.006">
    <system-out><![CDATA[2024-06-08T01:48:56.713-03:00  INFO 32982 --- [demo] [           main] c.m.services.MutantServicesTests         : null
2024-06-08T01:48:56.713-03:00  INFO 32982 --- [demo] [           main] c.mercadolibre.services.MutantService    : mongodb+srv://Cluster86613:Axelpro1@cluster0.eaierov.mongodb.net/?retryWrites=true&w=majority&appName=Cluster0 
2024-06-08T01:48:56.713-03:00  INFO 32982 --- [demo] [           main] c.mercadolibre.services.MutantService    : es mutante por horizontal, vertical o diagonal
]]></system-out>
  </testcase>
  <testcase name="diagonalIzquierda" classname="com.mercadolibre.services.MutantServicesTests" time="0.006">
    <system-out><![CDATA[2024-06-08T01:48:56.723-03:00  INFO 32982 --- [demo] [           main] c.mercadolibre.services.MutantService    : mongodb+srv://Cluster86613:Axelpro1@cluster0.eaierov.mongodb.net/?retryWrites=true&w=majority&appName=Cluster0 
2024-06-08T01:48:56.724-03:00  INFO 32982 --- [demo] [           main] c.mercadolibre.services.MutantService    : es mutante por horizontal, vertical o diagonal
]]></system-out>
  </testcase>
  <testcase name="checkStatus" classname="com.mercadolibre.services.MutantServicesTests" time="0.005"/>
  <testcase name="checkOtherStatus" classname="com.mercadolibre.services.MutantServicesTests" time="0.003"/>
  <testcase name="diagonalDerecha" classname="com.mercadolibre.services.MutantServicesTests" time="0.004">
    <system-out><![CDATA[2024-06-08T01:48:56.740-03:00  INFO 32982 --- [demo] [           main] c.mercadolibre.services.MutantService    : mongodb+srv://Cluster86613:Axelpro1@cluster0.eaierov.mongodb.net/?retryWrites=true&w=majority&appName=Cluster0 
2024-06-08T01:48:56.740-03:00  INFO 32982 --- [demo] [           main] c.mercadolibre.services.MutantService    : es mutante por horizontal, vertical o diagonal
]]></system-out>
  </testcase>
</testsuite>