<?xml version="1.0" encoding="UTF-8"?>
<testsuite xmlns:xsi="http://www.w3.org/2001/XMLSchema-instance" xsi:noNamespaceSchemaLocation="https://maven.apache.org/surefire/maven-surefire-plugin/xsd/surefire-test-report-3.0.xsd" version="3.0" name="com.mercadolibre.EjercicioApplicationTest" time="6.257" tests="1" errors="0" skipped="0" failures="0">
  <properties>
    <property name="java.specification.version" value="17"/>
    <property name="sun.jnu.encoding" value="UTF-8"/>
    <property name="java.class.path" value="/Users/axelarrondo/repo/ejercicio/ejercicio/target/test-classes:/Users/axelarrondo/repo/ejercicio/ejercicio/target/classes:/Users/axelarrondo/.m2/repository/org/mongodb/mongodb-driver-sync/4.11.2/mongodb-driver-sync-4.11.2.jar:/Users/axelarrondo/.m2/repository/org/mongodb/bson/4.11.2/bson-4.11.2.jar:/Users/axelarrondo/.m2/repository/org/mongodb/mongodb-driver-core/4.11.2/mongodb-driver-core-4.11.2.jar:/Users/axelarrondo/.m2/repository/org/mongodb/bson-record-codec/4.11.2/bson-record-codec-4.11.2.jar:/Users/axelarrondo/.m2/repository/org/springframework/boot/spring-boot-starter-data-mongodb/3.2.5/spring-boot-starter-data-mongodb-3.2.5.jar:/Users/axelarrondo/.m2/repository/org/springframework/boot/spring-boot-starter/3.2.5/spring-boot-starter-3.2.5.jar:/Users/axelarrondo/.m2/repository/org/springframework/boot/spring-boot/3.2.5/spring-boot-3.2.5.jar:/Users/axelarrondo/.m2/repository/org/springframework/boot/spring-boot-autoconfigure/3.2.5/spring-boot-autoconfigure-3.2.5.jar:/Users/axelarrondo/.m2/repository/org/springframework/boot/spring-boot-starter-logging/3.2.5/spring-boot-starter-logging-3.2.5.jar:/Users/axelarrondo/.m2/repository/ch/qos/logback/logback-classic/1.4.14/logback-classic-1.4.14.jar:/Users/axelarrondo/.m2/repository/ch/qos/logback/logback-core/1.4.14/logback-core-1.4.14.jar:/Users/axelarrondo/.m2/repository/org/apache/logging/log4j/log4j-to-slf4j/2.21.1/log4j-to-slf4j-2.21.1.jar:/Users/axelarrondo/.m2/repository/org/slf4j/jul-to-slf4j/2.0.13/jul-to-slf4j-2.0.13.jar:/Users/axelarrondo/.m2/repository/jakarta/annotation/jakarta.annotation-api/2.1.1/jakarta.annotation-api-2.1.1.jar:/Users/axelarrondo/.m2/repository/org/yaml/snakeyaml/2.2/snakeyaml-2.2.jar:/Users/axelarrondo/.m2/repository/org/springframework/data/spring-data-mongodb/4.2.5/spring-data-mongodb-4.2.5.jar:/Users/axelarrondo/.m2/repository/org/springframework/spring-tx/6.1.6/spring-tx-6.1.6.jar:/Users/axelarrondo/.m2/repository/org/springframework/spring-context/6.1.6/spring-context-6.1.6.jar:/Users/axelarrondo/.m2/repository/org/springframework/spring-beans/6.1.6/spring-beans-6.1.6.jar:/Users/axelarrondo/.m2/repository/org/springframework/spring-expression/6.1.6/spring-expression-6.1.6.jar:/Users/axelarrondo/.m2/repository/org/springframework/data/spring-data-commons/3.2.5/spring-data-commons-3.2.5.jar:/Users/axelarrondo/.m2/repository/org/slf4j/slf4j-api/2.0.13/slf4j-api-2.0.13.jar:/Users/axelarrondo/.m2/repository/com/fasterxml/jackson/core/jackson-annotations/2.15.4/jackson-annotations-2.15.4.jar:/Users/axelarrondo/.m2/repository/org/javatuples/javatuples/1.2/javatuples-1.2.jar:/Users/axelarrondo/.m2/repository/com/google/endpoints/endpoints-framework/2.2.1/endpoints-framework-2.2.1.jar:/Users/axelarrondo/.m2/repository/com/google/guava/guava/20.0/guava-20.0.jar:/Users/axelarrondo/.m2/repository/com/fasterxml/jackson/core/jackson-core/2.15.4/jackson-core-2.15.4.jar:/Users/axelarrondo/.m2/repository/com/fasterxml/jackson/core/jackson-databind/2.15.4/jackson-databind-2.15.4.jar:/Users/axelarrondo/.m2/repository/com/google/appengine/appengine-api-1.0-sdk/1.9.60/appengine-api-1.0-sdk-1.9.60.jar:/Users/axelarrondo/.m2/repository/com/google/flogger/flogger/0.3.1/flogger-0.3.1.jar:/Users/axelarrondo/.m2/repository/com/google/http-client/google-http-client-jackson2/1.25.0/google-http-client-jackson2-1.25.0.jar:/Users/axelarrondo/.m2/repository/com/google/http-client/google-http-client/1.25.0/google-http-client-1.25.0.jar:/Users/axelarrondo/.m2/repository/org/apache/httpcomponents/httpclient/4.5.5/httpclient-4.5.5.jar:/Users/axelarrondo/.m2/repository/org/apache/httpcomponents/httpcore/4.4.16/httpcore-4.4.16.jar:/Users/axelarrondo/.m2/repository/commons-logging/commons-logging/1.2/commons-logging-1.2.jar:/Users/axelarrondo/.m2/repository/commons-codec/commons-codec/1.16.1/commons-codec-1.16.1.jar:/Users/axelarrondo/.m2/repository/com/google/j2objc/j2objc-annotations/1.1/j2objc-annotations-1.1.jar:/Users/axelarrondo/.m2/repository/com/google/api-client/google-api-client/1.25.0/google-api-client-1.25.0.jar:/Users/axelarrondo/.m2/repository/com/google/oauth-client/google-oauth-client/1.25.0/google-oauth-client-1.25.0.jar:/Users/axelarrondo/.m2/repository/com/google/api-client/google-api-client-appengine/1.25.0/google-api-client-appengine-1.25.0.jar:/Users/axelarrondo/.m2/repository/com/google/oauth-client/google-oauth-client-appengine/1.25.0/google-oauth-client-appengine-1.25.0.jar:/Users/axelarrondo/.m2/repository/com/google/oauth-client/google-oauth-client-servlet/1.25.0/google-oauth-client-servlet-1.25.0.jar:/Users/axelarrondo/.m2/repository/com/google/http-client/google-http-client-jdo/1.25.0/google-http-client-jdo-1.25.0.jar:/Users/axelarrondo/.m2/repository/com/google/api-client/google-api-client-servlet/1.25.0/google-api-client-servlet-1.25.0.jar:/Users/axelarrondo/.m2/repository/javax/servlet/servlet-api/2.5/servlet-api-2.5.jar:/Users/axelarrondo/.m2/repository/javax/jdo/jdo2-api/2.3-eb/jdo2-api-2.3-eb.jar:/Users/axelarrondo/.m2/repository/javax/transaction/transaction-api/1.1/transaction-api-1.1.jar:/Users/axelarrondo/.m2/repository/com/google/http-client/google-http-client-appengine/1.25.0/google-http-client-appengine-1.25.0.jar:/Users/axelarrondo/.m2/repository/com/google/code/findbugs/jsr305/3.0.1/jsr305-3.0.1.jar:/Users/axelarrondo/.m2/repository/commons-fileupload/commons-fileupload/1.3.3/commons-fileupload-1.3.3.jar:/Users/axelarrondo/.m2/repository/commons-io/commons-io/2.2/commons-io-2.2.jar:/Users/axelarrondo/.m2/repository/io/swagger/swagger-models/1.5.9/swagger-models-1.5.9.jar:/Users/axelarrondo/.m2/repository/io/swagger/swagger-annotations/1.5.9/swagger-annotations-1.5.9.jar:/Users/axelarrondo/.m2/repository/io/swagger/swagger-core/1.5.9/swagger-core-1.5.9.jar:/Users/axelarrondo/.m2/repository/org/apache/commons/commons-lang3/3.13.0/commons-lang3-3.13.0.jar:/Users/axelarrondo/.m2/repository/com/fasterxml/jackson/datatype/jackson-datatype-joda/2.15.4/jackson-datatype-joda-2.15.4.jar:/Users/axelarrondo/.m2/repository/joda-time/joda-time/2.10.14/joda-time-2.10.14.jar:/Users/axelarrondo/.m2/repository/com/fasterxml/jackson/dataformat/jackson-dataformat-yaml/2.15.4/jackson-dataformat-yaml-2.15.4.jar:/Users/axelarrondo/.m2/repository/javax/validation/validation-api/1.1.0.Final/validation-api-1.1.0.Final.jar:/Users/axelarrondo/.m2/repository/org/slf4j/slf4j-nop/2.0.13/slf4j-nop-2.0.13.jar:/Users/axelarrondo/.m2/repository/com/google/flogger/flogger-system-backend/0.3.1/flogger-system-backend-0.3.1.jar:/Users/axelarrondo/.m2/repository/org/springframework/boot/spring-boot-starter-web/3.2.5/spring-boot-starter-web-3.2.5.jar:/Users/axelarrondo/.m2/repository/org/springframework/boot/spring-boot-starter-json/3.2.5/spring-boot-starter-json-3.2.5.jar:/Users/axelarrondo/.m2/repository/com/fasterxml/jackson/datatype/jackson-datatype-jdk8/2.15.4/jackson-datatype-jdk8-2.15.4.jar:/Users/axelarrondo/.m2/repository/com/fasterxml/jackson/datatype/jackson-datatype-jsr310/2.15.4/jackson-datatype-jsr310-2.15.4.jar:/Users/axelarrondo/.m2/repository/com/fasterxml/jackson/module/jackson-module-parameter-names/2.15.4/jackson-module-parameter-names-2.15.4.jar:/Users/axelarrondo/.m2/repository/org/springframework/boot/spring-boot-starter-tomcat/3.2.5/spring-boot-starter-tomcat-3.2.5.jar:/Users/axelarrondo/.m2/repository/org/apache/tomcat/embed/tomcat-embed-core/10.1.20/tomcat-embed-core-10.1.20.jar:/Users/axelarrondo/.m2/repository/org/apache/tomcat/embed/tomcat-embed-el/10.1.20/tomcat-embed-el-10.1.20.jar:/Users/axelarrondo/.m2/repository/org/apache/tomcat/embed/tomcat-embed-websocket/10.1.20/tomcat-embed-websocket-10.1.20.jar:/Users/axelarrondo/.m2/repository/org/springframework/spring-web/6.1.6/spring-web-6.1.6.jar:/Users/axelarrondo/.m2/repository/org/springframework/spring-webmvc/6.1.6/spring-webmvc-6.1.6.jar:/Users/axelarrondo/.m2/repository/org/springframework/spring-aop/6.1.6/spring-aop-6.1.6.jar:/Users/axelarrondo/.m2/repository/org/springframework/boot/spring-boot-starter-actuator/3.2.5/spring-boot-starter-actuator-3.2.5.jar:/Users/axelarrondo/.m2/repository/org/springframework/boot/spring-boot-actuator-autoconfigure/3.2.5/spring-boot-actuator-autoconfigure-3.2.5.jar:/Users/axelarrondo/.m2/repository/org/springframework/boot/spring-boot-actuator/3.2.5/spring-boot-actuator-3.2.5.jar:/Users/axelarrondo/.m2/repository/io/micrometer/micrometer-observation/1.12.5/micrometer-observation-1.12.5.jar:/Users/axelarrondo/.m2/repository/io/micrometer/micrometer-commons/1.12.5/micrometer-commons-1.12.5.jar:/Users/axelarrondo/.m2/repository/io/micrometer/micrometer-jakarta9/1.12.5/micrometer-jakarta9-1.12.5.jar:/Users/axelarrondo/.m2/repository/io/micrometer/micrometer-core/1.12.5/micrometer-core-1.12.5.jar:/Users/axelarrondo/.m2/repository/org/hdrhistogram/HdrHistogram/2.1.12/HdrHistogram-2.1.12.jar:/Users/axelarrondo/.m2/repository/org/latencyutils/LatencyUtils/2.0.3/LatencyUtils-2.0.3.jar:/Users/axelarrondo/.m2/repository/org/springframework/boot/spring-boot-starter-test/3.2.5/spring-boot-starter-test-3.2.5.jar:/Users/axelarrondo/.m2/repository/org/springframework/boot/spring-boot-test/3.2.5/spring-boot-test-3.2.5.jar:/Users/axelarrondo/.m2/repository/org/springframework/boot/spring-boot-test-autoconfigure/3.2.5/spring-boot-test-autoconfigure-3.2.5.jar:/Users/axelarrondo/.m2/repository/com/jayway/jsonpath/json-path/2.9.0/json-path-2.9.0.jar:/Users/axelarrondo/.m2/repository/jakarta/xml/bind/jakarta.xml.bind-api/4.0.2/jakarta.xml.bind-api-4.0.2.jar:/Users/axelarrondo/.m2/repository/jakarta/activation/jakarta.activation-api/2.1.3/jakarta.activation-api-2.1.3.jar:/Users/axelarrondo/.m2/repository/net/minidev/json-smart/2.5.1/json-smart-2.5.1.jar:/Users/axelarrondo/.m2/repository/net/minidev/accessors-smart/2.5.1/accessors-smart-2.5.1.jar:/Users/axelarrondo/.m2/repository/org/ow2/asm/asm/9.6/asm-9.6.jar:/Users/axelarrondo/.m2/repository/org/assertj/assertj-core/3.24.2/assertj-core-3.24.2.jar:/Users/axelarrondo/.m2/repository/net/bytebuddy/byte-buddy/1.14.13/byte-buddy-1.14.13.jar:/Users/axelarrondo/.m2/repository/org/awaitility/awaitility/4.2.1/awaitility-4.2.1.jar:/Users/axelarrondo/.m2/repository/org/hamcrest/hamcrest/2.2/hamcrest-2.2.jar:/Users/axelarrondo/.m2/repository/org/junit/jupiter/junit-jupiter/5.10.2/junit-jupiter-5.10.2.jar:/Users/axelarrondo/.m2/repository/org/junit/jupiter/junit-jupiter-api/5.10.2/junit-jupiter-api-5.10.2.jar:/Users/axelarrondo/.m2/repository/org/opentest4j/opentest4j/1.3.0/opentest4j-1.3.0.jar:/Users/axelarrondo/.m2/repository/org/junit/platform/junit-platform-commons/1.10.2/junit-platform-commons-1.10.2.jar:/Users/axelarrondo/.m2/repository/org/apiguardian/apiguardian-api/1.1.2/apiguardian-api-1.1.2.jar:/Users/axelarrondo/.m2/repository/org/junit/jupiter/junit-jupiter-params/5.10.2/junit-jupiter-params-5.10.2.jar:/Users/axelarrondo/.m2/repository/org/junit/jupiter/junit-jupiter-engine/5.10.2/junit-jupiter-engine-5.10.2.jar:/Users/axelarrondo/.m2/repository/org/junit/platform/junit-platform-engine/1.10.2/junit-platform-engine-1.10.2.jar:/Users/axelarrondo/.m2/repository/org/mockito/mockito-core/5.7.0/mockito-core-5.7.0.jar:/Users/axelarrondo/.m2/repository/net/bytebuddy/byte-buddy-agent/1.14.13/byte-buddy-agent-1.14.13.jar:/Users/axelarrondo/.m2/repository/org/objenesis/objenesis/3.3/objenesis-3.3.jar:/Users/axelarrondo/.m2/repository/org/mockito/mockito-junit-jupiter/5.7.0/mockito-junit-jupiter-5.7.0.jar:/Users/axelarrondo/.m2/repository/org/skyscreamer/jsonassert/1.5.1/jsonassert-1.5.1.jar:/Users/axelarrondo/.m2/repository/com/vaadin/external/google/android-json/0.0.20131108.vaadin1/android-json-0.0.20131108.vaadin1.jar:/Users/axelarrondo/.m2/repository/org/springframework/spring-core/6.1.6/spring-core-6.1.6.jar:/Users/axelarrondo/.m2/repository/org/springframework/spring-jcl/6.1.6/spring-jcl-6.1.6.jar:/Users/axelarrondo/.m2/repository/org/springframework/spring-test/6.1.6/spring-test-6.1.6.jar:/Users/axelarrondo/.m2/repository/org/xmlunit/xmlunit-core/2.9.1/xmlunit-core-2.9.1.jar:/Users/axelarrondo/.m2/repository/org/springframework/boot/spring-boot-starter-log4j2/3.2.5/spring-boot-starter-log4j2-3.2.5.jar:/Users/axelarrondo/.m2/repository/org/apache/logging/log4j/log4j-slf4j2-impl/2.21.1/log4j-slf4j2-impl-2.21.1.jar:/Users/axelarrondo/.m2/repository/org/apache/logging/log4j/log4j-api/2.21.1/log4j-api-2.21.1.jar:/Users/axelarrondo/.m2/repository/org/apache/logging/log4j/log4j-core/2.21.1/log4j-core-2.21.1.jar:/Users/axelarrondo/.m2/repository/org/apache/logging/log4j/log4j-jul/2.21.1/log4j-jul-2.21.1.jar:"/>
    <property name="java.vm.vendor" value="Eclipse Adoptium"/>
    <property name="sun.arch.data.model" value="64"/>
    <property name="catalina.useNaming" value="false"/>
    <property name="java.vendor.url" value="https://adoptium.net/"/>
    <property name="user.timezone" value="America/Argentina/Buenos_Aires"/>
    <property name="os.name" value="Mac OS X"/>
    <property name="java.vm.specification.version" value="17"/>
    <property name="sun.java.launcher" value="SUN_STANDARD"/>
    <property name="user.country" value="AR"/>
    <property name="sun.boot.library.path" value="/Library/Java/JavaVirtualMachines/temurin-17.jdk/Contents/Home/lib"/>
    <property name="sun.java.command" value="/Users/axelarrondo/repo/ejercicio/ejercicio/target/surefire/surefirebooter-20240529202746782_3.jar /Users/axelarrondo/repo/ejercicio/ejercicio/target/surefire 2024-05-29T20-27-46_643-jvmRun1 surefire-20240529202746782_1tmp surefire_0-20240529202746782_2tmp"/>
    <property name="http.nonProxyHosts" value="local|*.local|169.254/16|*.169.254/16"/>
    <property name="jdk.debug" value="release"/>
    <property name="surefire.test.class.path" value="/Users/axelarrondo/repo/ejercicio/ejercicio/target/test-classes:/Users/axelarrondo/repo/ejercicio/ejercicio/target/classes:/Users/axelarrondo/.m2/repository/org/mongodb/mongodb-driver-sync/4.11.2/mongodb-driver-sync-4.11.2.jar:/Users/axelarrondo/.m2/repository/org/mongodb/bson/4.11.2/bson-4.11.2.jar:/Users/axelarrondo/.m2/repository/org/mongodb/mongodb-driver-core/4.11.2/mongodb-driver-core-4.11.2.jar:/Users/axelarrondo/.m2/repository/org/mongodb/bson-record-codec/4.11.2/bson-record-codec-4.11.2.jar:/Users/axelarrondo/.m2/repository/org/springframework/boot/spring-boot-starter-data-mongodb/3.2.5/spring-boot-starter-data-mongodb-3.2.5.jar:/Users/axelarrondo/.m2/repository/org/springframework/boot/spring-boot-starter/3.2.5/spring-boot-starter-3.2.5.jar:/Users/axelarrondo/.m2/repository/org/springframework/boot/spring-boot/3.2.5/spring-boot-3.2.5.jar:/Users/axelarrondo/.m2/repository/org/springframework/boot/spring-boot-autoconfigure/3.2.5/spring-boot-autoconfigure-3.2.5.jar:/Users/axelarrondo/.m2/repository/org/springframework/boot/spring-boot-starter-logging/3.2.5/spring-boot-starter-logging-3.2.5.jar:/Users/axelarrondo/.m2/repository/ch/qos/logback/logback-classic/1.4.14/logback-classic-1.4.14.jar:/Users/axelarrondo/.m2/repository/ch/qos/logback/logback-core/1.4.14/logback-core-1.4.14.jar:/Users/axelarrondo/.m2/repository/org/apache/logging/log4j/log4j-to-slf4j/2.21.1/log4j-to-slf4j-2.21.1.jar:/Users/axelarrondo/.m2/repository/org/slf4j/jul-to-slf4j/2.0.13/jul-to-slf4j-2.0.13.jar:/Users/axelarrondo/.m2/repository/jakarta/annotation/jakarta.annotation-api/2.1.1/jakarta.annotation-api-2.1.1.jar:/Users/axelarrondo/.m2/repository/org/yaml/snakeyaml/2.2/snakeyaml-2.2.jar:/Users/axelarrondo/.m2/repository/org/springframework/data/spring-data-mongodb/4.2.5/spring-data-mongodb-4.2.5.jar:/Users/axelarrondo/.m2/repository/org/springframework/spring-tx/6.1.6/spring-tx-6.1.6.jar:/Users/axelarrondo/.m2/repository/org/springframework/spring-context/6.1.6/spring-context-6.1.6.jar:/Users/axelarrondo/.m2/repository/org/springframework/spring-beans/6.1.6/spring-beans-6.1.6.jar:/Users/axelarrondo/.m2/repository/org/springframework/spring-expression/6.1.6/spring-expression-6.1.6.jar:/Users/axelarrondo/.m2/repository/org/springframework/data/spring-data-commons/3.2.5/spring-data-commons-3.2.5.jar:/Users/axelarrondo/.m2/repository/org/slf4j/slf4j-api/2.0.13/slf4j-api-2.0.13.jar:/Users/axelarrondo/.m2/repository/com/fasterxml/jackson/core/jackson-annotations/2.15.4/jackson-annotations-2.15.4.jar:/Users/axelarrondo/.m2/repository/org/javatuples/javatuples/1.2/javatuples-1.2.jar:/Users/axelarrondo/.m2/repository/com/google/endpoints/endpoints-framework/2.2.1/endpoints-framework-2.2.1.jar:/Users/axelarrondo/.m2/repository/com/google/guava/guava/20.0/guava-20.0.jar:/Users/axelarrondo/.m2/repository/com/fasterxml/jackson/core/jackson-core/2.15.4/jackson-core-2.15.4.jar:/Users/axelarrondo/.m2/repository/com/fasterxml/jackson/core/jackson-databind/2.15.4/jackson-databind-2.15.4.jar:/Users/axelarrondo/.m2/repository/com/google/appengine/appengine-api-1.0-sdk/1.9.60/appengine-api-1.0-sdk-1.9.60.jar:/Users/axelarrondo/.m2/repository/com/google/flogger/flogger/0.3.1/flogger-0.3.1.jar:/Users/axelarrondo/.m2/repository/com/google/http-client/google-http-client-jackson2/1.25.0/google-http-client-jackson2-1.25.0.jar:/Users/axelarrondo/.m2/repository/com/google/http-client/google-http-client/1.25.0/google-http-client-1.25.0.jar:/Users/axelarrondo/.m2/repository/org/apache/httpcomponents/httpclient/4.5.5/httpclient-4.5.5.jar:/Users/axelarrondo/.m2/repository/org/apache/httpcomponents/httpcore/4.4.16/httpcore-4.4.16.jar:/Users/axelarrondo/.m2/repository/commons-logging/commons-logging/1.2/commons-logging-1.2.jar:/Users/axelarrondo/.m2/repository/commons-codec/commons-codec/1.16.1/commons-codec-1.16.1.jar:/Users/axelarrondo/.m2/repository/com/google/j2objc/j2objc-annotations/1.1/j2objc-annotations-1.1.jar:/Users/axelarrondo/.m2/repository/com/google/api-client/google-api-client/1.25.0/google-api-client-1.25.0.jar:/Users/axelarrondo/.m2/repository/com/google/oauth-client/google-oauth-client/1.25.0/google-oauth-client-1.25.0.jar:/Users/axelarrondo/.m2/repository/com/google/api-client/google-api-client-appengine/1.25.0/google-api-client-appengine-1.25.0.jar:/Users/axelarrondo/.m2/repository/com/google/oauth-client/google-oauth-client-appengine/1.25.0/google-oauth-client-appengine-1.25.0.jar:/Users/axelarrondo/.m2/repository/com/google/oauth-client/google-oauth-client-servlet/1.25.0/google-oauth-client-servlet-1.25.0.jar:/Users/axelarrondo/.m2/repository/com/google/http-client/google-http-client-jdo/1.25.0/google-http-client-jdo-1.25.0.jar:/Users/axelarrondo/.m2/repository/com/google/api-client/google-api-client-servlet/1.25.0/google-api-client-servlet-1.25.0.jar:/Users/axelarrondo/.m2/repository/javax/servlet/servlet-api/2.5/servlet-api-2.5.jar:/Users/axelarrondo/.m2/repository/javax/jdo/jdo2-api/2.3-eb/jdo2-api-2.3-eb.jar:/Users/axelarrondo/.m2/repository/javax/transaction/transaction-api/1.1/transaction-api-1.1.jar:/Users/axelarrondo/.m2/repository/com/google/http-client/google-http-client-appengine/1.25.0/google-http-client-appengine-1.25.0.jar:/Users/axelarrondo/.m2/repository/com/google/code/findbugs/jsr305/3.0.1/jsr305-3.0.1.jar:/Users/axelarrondo/.m2/repository/commons-fileupload/commons-fileupload/1.3.3/commons-fileupload-1.3.3.jar:/Users/axelarrondo/.m2/repository/commons-io/commons-io/2.2/commons-io-2.2.jar:/Users/axelarrondo/.m2/repository/io/swagger/swagger-models/1.5.9/swagger-models-1.5.9.jar:/Users/axelarrondo/.m2/repository/io/swagger/swagger-annotations/1.5.9/swagger-annotations-1.5.9.jar:/Users/axelarrondo/.m2/repository/io/swagger/swagger-core/1.5.9/swagger-core-1.5.9.jar:/Users/axelarrondo/.m2/repository/org/apache/commons/commons-lang3/3.13.0/commons-lang3-3.13.0.jar:/Users/axelarrondo/.m2/repository/com/fasterxml/jackson/datatype/jackson-datatype-joda/2.15.4/jackson-datatype-joda-2.15.4.jar:/Users/axelarrondo/.m2/repository/joda-time/joda-time/2.10.14/joda-time-2.10.14.jar:/Users/axelarrondo/.m2/repository/com/fasterxml/jackson/dataformat/jackson-dataformat-yaml/2.15.4/jackson-dataformat-yaml-2.15.4.jar:/Users/axelarrondo/.m2/repository/javax/validation/validation-api/1.1.0.Final/validation-api-1.1.0.Final.jar:/Users/axelarrondo/.m2/repository/org/slf4j/slf4j-nop/2.0.13/slf4j-nop-2.0.13.jar:/Users/axelarrondo/.m2/repository/com/google/flogger/flogger-system-backend/0.3.1/flogger-system-backend-0.3.1.jar:/Users/axelarrondo/.m2/repository/org/springframework/boot/spring-boot-starter-web/3.2.5/spring-boot-starter-web-3.2.5.jar:/Users/axelarrondo/.m2/repository/org/springframework/boot/spring-boot-starter-json/3.2.5/spring-boot-starter-json-3.2.5.jar:/Users/axelarrondo/.m2/repository/com/fasterxml/jackson/datatype/jackson-datatype-jdk8/2.15.4/jackson-datatype-jdk8-2.15.4.jar:/Users/axelarrondo/.m2/repository/com/fasterxml/jackson/datatype/jackson-datatype-jsr310/2.15.4/jackson-datatype-jsr310-2.15.4.jar:/Users/axelarrondo/.m2/repository/com/fasterxml/jackson/module/jackson-module-parameter-names/2.15.4/jackson-module-parameter-names-2.15.4.jar:/Users/axelarrondo/.m2/repository/org/springframework/boot/spring-boot-starter-tomcat/3.2.5/spring-boot-starter-tomcat-3.2.5.jar:/Users/axelarrondo/.m2/repository/org/apache/tomcat/embed/tomcat-embed-core/10.1.20/tomcat-embed-core-10.1.20.jar:/Users/axelarrondo/.m2/repository/org/apache/tomcat/embed/tomcat-embed-el/10.1.20/tomcat-embed-el-10.1.20.jar:/Users/axelarrondo/.m2/repository/org/apache/tomcat/embed/tomcat-embed-websocket/10.1.20/tomcat-embed-websocket-10.1.20.jar:/Users/axelarrondo/.m2/repository/org/springframework/spring-web/6.1.6/spring-web-6.1.6.jar:/Users/axelarrondo/.m2/repository/org/springframework/spring-webmvc/6.1.6/spring-webmvc-6.1.6.jar:/Users/axelarrondo/.m2/repository/org/springframework/spring-aop/6.1.6/spring-aop-6.1.6.jar:/Users/axelarrondo/.m2/repository/org/springframework/boot/spring-boot-starter-actuator/3.2.5/spring-boot-starter-actuator-3.2.5.jar:/Users/axelarrondo/.m2/repository/org/springframework/boot/spring-boot-actuator-autoconfigure/3.2.5/spring-boot-actuator-autoconfigure-3.2.5.jar:/Users/axelarrondo/.m2/repository/org/springframework/boot/spring-boot-actuator/3.2.5/spring-boot-actuator-3.2.5.jar:/Users/axelarrondo/.m2/repository/io/micrometer/micrometer-observation/1.12.5/micrometer-observation-1.12.5.jar:/Users/axelarrondo/.m2/repository/io/micrometer/micrometer-commons/1.12.5/micrometer-commons-1.12.5.jar:/Users/axelarrondo/.m2/repository/io/micrometer/micrometer-jakarta9/1.12.5/micrometer-jakarta9-1.12.5.jar:/Users/axelarrondo/.m2/repository/io/micrometer/micrometer-core/1.12.5/micrometer-core-1.12.5.jar:/Users/axelarrondo/.m2/repository/org/hdrhistogram/HdrHistogram/2.1.12/HdrHistogram-2.1.12.jar:/Users/axelarrondo/.m2/repository/org/latencyutils/LatencyUtils/2.0.3/LatencyUtils-2.0.3.jar:/Users/axelarrondo/.m2/repository/org/springframework/boot/spring-boot-starter-test/3.2.5/spring-boot-starter-test-3.2.5.jar:/Users/axelarrondo/.m2/repository/org/springframework/boot/spring-boot-test/3.2.5/spring-boot-test-3.2.5.jar:/Users/axelarrondo/.m2/repository/org/springframework/boot/spring-boot-test-autoconfigure/3.2.5/spring-boot-test-autoconfigure-3.2.5.jar:/Users/axelarrondo/.m2/repository/com/jayway/jsonpath/json-path/2.9.0/json-path-2.9.0.jar:/Users/axelarrondo/.m2/repository/jakarta/xml/bind/jakarta.xml.bind-api/4.0.2/jakarta.xml.bind-api-4.0.2.jar:/Users/axelarrondo/.m2/repository/jakarta/activation/jakarta.activation-api/2.1.3/jakarta.activation-api-2.1.3.jar:/Users/axelarrondo/.m2/repository/net/minidev/json-smart/2.5.1/json-smart-2.5.1.jar:/Users/axelarrondo/.m2/repository/net/minidev/accessors-smart/2.5.1/accessors-smart-2.5.1.jar:/Users/axelarrondo/.m2/repository/org/ow2/asm/asm/9.6/asm-9.6.jar:/Users/axelarrondo/.m2/repository/org/assertj/assertj-core/3.24.2/assertj-core-3.24.2.jar:/Users/axelarrondo/.m2/repository/net/bytebuddy/byte-buddy/1.14.13/byte-buddy-1.14.13.jar:/Users/axelarrondo/.m2/repository/org/awaitility/awaitility/4.2.1/awaitility-4.2.1.jar:/Users/axelarrondo/.m2/repository/org/hamcrest/hamcrest/2.2/hamcrest-2.2.jar:/Users/axelarrondo/.m2/repository/org/junit/jupiter/junit-jupiter/5.10.2/junit-jupiter-5.10.2.jar:/Users/axelarrondo/.m2/repository/org/junit/jupiter/junit-jupiter-api/5.10.2/junit-jupiter-api-5.10.2.jar:/Users/axelarrondo/.m2/repository/org/opentest4j/opentest4j/1.3.0/opentest4j-1.3.0.jar:/Users/axelarrondo/.m2/repository/org/junit/platform/junit-platform-commons/1.10.2/junit-platform-commons-1.10.2.jar:/Users/axelarrondo/.m2/repository/org/apiguardian/apiguardian-api/1.1.2/apiguardian-api-1.1.2.jar:/Users/axelarrondo/.m2/repository/org/junit/jupiter/junit-jupiter-params/5.10.2/junit-jupiter-params-5.10.2.jar:/Users/axelarrondo/.m2/repository/org/junit/jupiter/junit-jupiter-engine/5.10.2/junit-jupiter-engine-5.10.2.jar:/Users/axelarrondo/.m2/repository/org/junit/platform/junit-platform-engine/1.10.2/junit-platform-engine-1.10.2.jar:/Users/axelarrondo/.m2/repository/org/mockito/mockito-core/5.7.0/mockito-core-5.7.0.jar:/Users/axelarrondo/.m2/repository/net/bytebuddy/byte-buddy-agent/1.14.13/byte-buddy-agent-1.14.13.jar:/Users/axelarrondo/.m2/repository/org/objenesis/objenesis/3.3/objenesis-3.3.jar:/Users/axelarrondo/.m2/repository/org/mockito/mockito-junit-jupiter/5.7.0/mockito-junit-jupiter-5.7.0.jar:/Users/axelarrondo/.m2/repository/org/skyscreamer/jsonassert/1.5.1/jsonassert-1.5.1.jar:/Users/axelarrondo/.m2/repository/com/vaadin/external/google/android-json/0.0.20131108.vaadin1/android-json-0.0.20131108.vaadin1.jar:/Users/axelarrondo/.m2/repository/org/springframework/spring-core/6.1.6/spring-core-6.1.6.jar:/Users/axelarrondo/.m2/repository/org/springframework/spring-jcl/6.1.6/spring-jcl-6.1.6.jar:/Users/axelarrondo/.m2/repository/org/springframework/spring-test/6.1.6/spring-test-6.1.6.jar:/Users/axelarrondo/.m2/repository/org/xmlunit/xmlunit-core/2.9.1/xmlunit-core-2.9.1.jar:/Users/axelarrondo/.m2/repository/org/springframework/boot/spring-boot-starter-log4j2/3.2.5/spring-boot-starter-log4j2-3.2.5.jar:/Users/axelarrondo/.m2/repository/org/apache/logging/log4j/log4j-slf4j2-impl/2.21.1/log4j-slf4j2-impl-2.21.1.jar:/Users/axelarrondo/.m2/repository/org/apache/logging/log4j/log4j-api/2.21.1/log4j-api-2.21.1.jar:/Users/axelarrondo/.m2/repository/org/apache/logging/log4j/log4j-core/2.21.1/log4j-core-2.21.1.jar:/Users/axelarrondo/.m2/repository/org/apache/logging/log4j/log4j-jul/2.21.1/log4j-jul-2.21.1.jar:"/>
    <property name="sun.cpu.endian" value="little"/>
    <property name="user.home" value="/Users/axelarrondo"/>
    <property name="user.language" value="es"/>
    <property name="java.specification.vendor" value="Oracle Corporation"/>
    <property name="java.version.date" value="2022-10-18"/>
    <property name="java.home" value="/Library/Java/JavaVirtualMachines/temurin-17.jdk/Contents/Home"/>
    <property name="file.separator" value="/"/>
    <property name="basedir" value="/Users/axelarrondo/repo/ejercicio/ejercicio"/>
    <property name="java.vm.compressedOopsMode" value="Zero based"/>
    <property name="line.separator" value="&#10;"/>
    <property name="java.vm.specification.vendor" value="Oracle Corporation"/>
    <property name="java.specification.name" value="Java Platform API Specification"/>
    <property name="FILE_LOG_CHARSET" value="UTF-8"/>
    <property name="java.awt.headless" value="true"/>
    <property name="surefire.real.class.path" value="/Users/axelarrondo/repo/ejercicio/ejercicio/target/surefire/surefirebooter-20240529202746782_3.jar"/>
    <property name="sun.management.compiler" value="HotSpot 64-Bit Tiered Compilers"/>
    <property name="ftp.nonProxyHosts" value="local|*.local|169.254/16|*.169.254/16"/>
    <property name="java.runtime.version" value="17.0.5+8"/>
    <property name="user.name" value="axelarrondo"/>
    <property name="path.separator" value=":"/>
    <property name="os.version" value="13.6.6"/>
    <property name="java.runtime.name" value="OpenJDK Runtime Environment"/>
    <property name="file.encoding" value="UTF-8"/>
    <property name="java.vm.name" value="OpenJDK 64-Bit Server VM"/>
    <property name="java.vendor.version" value="Temurin-17.0.5+8"/>
    <property name="localRepository" value="/Users/axelarrondo/.m2/repository"/>
    <property name="java.vendor.url.bug" value="https://github.com/adoptium/adoptium-support/issues"/>
    <property name="java.io.tmpdir" value="/var/folders/g2/1rl6sm8s5px0vtljn652lq7h0000gn/T/"/>
    <property name="catalina.home" value="/private/var/folders/g2/1rl6sm8s5px0vtljn652lq7h0000gn/T/tomcat.8080.9148860837567292809"/>
    <property name="java.version" value="17.0.5"/>
    <property name="user.dir" value="/Users/axelarrondo/repo/ejercicio/ejercicio"/>
    <property name="os.arch" value="x86_64"/>
    <property name="java.vm.specification.name" value="Java Virtual Machine Specification"/>
    <property name="PID" value="26850"/>
    <property name="CONSOLE_LOG_CHARSET" value="UTF-8"/>
    <property name="catalina.base" value="/private/var/folders/g2/1rl6sm8s5px0vtljn652lq7h0000gn/T/tomcat.8080.9148860837567292809"/>
    <property name="native.encoding" value="UTF-8"/>
    <property name="java.library.path" value="/Users/axelarrondo/Library/Java/Extensions:/Library/Java/Extensions:/Network/Library/Java/Extensions:/System/Library/Java/Extensions:/usr/lib/java:."/>
    <property name="java.vm.info" value="mixed mode, sharing"/>
    <property name="java.vendor" value="Eclipse Adoptium"/>
    <property name="java.vm.version" value="17.0.5+8"/>
    <property name="sun.io.unicode.encoding" value="UnicodeBig"/>
    <property name="socksNonProxyHosts" value="local|*.local|169.254/16|*.169.254/16"/>
    <property name="java.class.version" value="61.0"/>
    <property name="LOGGED_APPLICATION_NAME" value="[demo] "/>
  </properties>
  <testcase name="applicationContextTest" classname="com.mercadolibre.EjercicioApplicationTest" time="2.022">
    <system-out><![CDATA[Standard Commons Logging discovery in action with spring-jcl: please remove commons-logging.jar from classpath in order to avoid potential conflicts
20:27:47.655 [main] INFO org.springframework.test.context.support.AnnotationConfigContextLoaderUtils -- Could not detect default configuration classes for test class [com.mercadolibre.EjercicioApplicationTest]: EjercicioApplicationTest does not declare any static, non-private, non-final, nested classes annotated with @Configuration.
20:27:47.746 [main] INFO org.springframework.boot.test.context.SpringBootTestContextBootstrapper -- Found @SpringBootConfiguration com.mercadolibre.EjercicioApplication for test class com.mercadolibre.EjercicioApplicationTest

  .   ____          _            __ _ _
 /\\ / ___'_ __ _ _(_)_ __  __ _ \ \ \ \
( ( )\___ | '_ | '_| | '_ \/ _` | \ \ \ \
 \\/  ___)| |_)| | | | | || (_| |  ) ) ) )
  '  |____| .__|_| |_|_| |_\__, | / / / /
 =========|_|==============|___/=/_/_/_/
 :: Spring Boot ::                (v3.2.5)

2024-05-29T20:27:48.102-03:00  INFO 26850 --- [demo] [           main] c.mercadolibre.EjercicioApplicationTest  : Starting EjercicioApplicationTest using Java 17.0.5 with PID 26850 (started by axelarrondo in /Users/axelarrondo/repo/ejercicio/ejercicio)
2024-05-29T20:27:48.103-03:00  INFO 26850 --- [demo] [           main] c.mercadolibre.EjercicioApplicationTest  : No active profile set, falling back to 1 default profile: "default"
2024-05-29T20:27:48.929-03:00  INFO 26850 --- [demo] [           main] .s.d.r.c.RepositoryConfigurationDelegate : Bootstrapping Spring Data MongoDB repositories in DEFAULT mode.
2024-05-29T20:27:48.969-03:00  INFO 26850 --- [demo] [           main] .s.d.r.c.RepositoryConfigurationDelegate : Finished Spring Data repository scanning in 35 ms. Found 1 MongoDB repository interface.
2024-05-29T20:27:49.676-03:00  INFO 26850 --- [demo] [           main] org.mongodb.driver.client                : MongoClient with metadata {"driver": {"name": "mongo-java-driver|sync|spring-boot", "version": "4.11.2"}, "os": {"type": "Darwin", "name": "Mac OS X", "architecture": "x86_64", "version": "13.6.6"}, "platform": "Java/Eclipse Adoptium/17.0.5+8"} created with settings MongoClientSettings{readPreference=primary, writeConcern=WriteConcern{w=null, wTimeout=null ms, journal=null}, retryWrites=true, retryReads=true, readConcern=ReadConcern{level=null}, credential=MongoCredential{mechanism=null, userName='axelarrondo', source='admin', password=<hidden>, mechanismProperties=<hidden>}, transportSettings=null, streamFactoryFactory=null, commandListeners=[io.micrometer.core.instrument.binder.mongodb.MongoMetricsCommandListener@11e9ac24], codecRegistry=ProvidersCodecRegistry{codecProviders=[ValueCodecProvider{}, BsonValueCodecProvider{}, DBRefCodecProvider{}, DBObjectCodecProvider{}, DocumentCodecProvider{}, CollectionCodecProvider{}, IterableCodecProvider{}, MapCodecProvider{}, GeoJsonCodecProvider{}, GridFSFileCodecProvider{}, Jsr310CodecProvider{}, JsonObjectCodecProvider{}, BsonCodecProvider{}, EnumCodecProvider{}, com.mongodb.client.model.mql.ExpressionCodecProvider@74f280bd, com.mongodb.Jep395RecordCodecProvider@675b18ff, com.mongodb.KotlinCodecProvider@34279b8a]}, loggerSettings=LoggerSettings{maxDocumentLength=1000}, clusterSettings={hosts=[127.0.0.1:27017], srvHost=cluster0.uo2oqqs.mongodb.net, srvServiceName=mongodb, mode=MULTIPLE, requiredClusterType=REPLICA_SET, requiredReplicaSetName='atlas-m4p6qm-shard-0', serverSelector='null', clusterListeners='[]', serverSelectionTimeout='30000 ms', localThreshold='15 ms'}, socketSettings=SocketSettings{connectTimeoutMS=10000, readTimeoutMS=0, receiveBufferSize=0, proxySettings=ProxySettings{host=null, port=null, username=null, password=null}}, heartbeatSocketSettings=SocketSettings{connectTimeoutMS=10000, readTimeoutMS=10000, receiveBufferSize=0, proxySettings=ProxySettings{host=null, port=null, username=null, password=null}}, connectionPoolSettings=ConnectionPoolSettings{maxSize=100, minSize=0, maxWaitTimeMS=120000, maxConnectionLifeTimeMS=0, maxConnectionIdleTimeMS=0, maintenanceInitialDelayMS=0, maintenanceFrequencyMS=60000, connectionPoolListeners=[io.micrometer.core.instrument.binder.mongodb.MongoMetricsConnectionPoolListener@687389a6], maxConnecting=2}, serverSettings=ServerSettings{heartbeatFrequencyMS=10000, minHeartbeatFrequencyMS=500, serverListeners='[]', serverMonitorListeners='[]'}, sslSettings=SslSettings{enabled=true, invalidHostNameAllowed=false, context=null}, applicationName='null', compressorList=[], uuidRepresentation=JAVA_LEGACY, serverApi=null, autoEncryptionSettings=null, dnsClient=null, inetAddressResolver=null, contextProvider=null}
2024-05-29T20:27:49.872-03:00  INFO 26850 --- [demo] [qqs.mongodb.net] org.mongodb.driver.cluster               : Adding discovered server ac-cgx0izb-shard-00-01.uo2oqqs.mongodb.net:27017 to client view of cluster
2024-05-29T20:27:49.915-03:00  INFO 26850 --- [demo] [qqs.mongodb.net] org.mongodb.driver.cluster               : Adding discovered server ac-cgx0izb-shard-00-02.uo2oqqs.mongodb.net:27017 to client view of cluster
2024-05-29T20:27:49.919-03:00  INFO 26850 --- [demo] [qqs.mongodb.net] org.mongodb.driver.cluster               : Adding discovered server ac-cgx0izb-shard-00-00.uo2oqqs.mongodb.net:27017 to client view of cluster
2024-05-29T20:27:50.072-03:00  INFO 26850 --- [demo] [           main] org.mongodb.driver.cluster               : No server chosen by ReadPreferenceServerSelector{readPreference=primary} from cluster description ClusterDescription{type=REPLICA_SET, connectionMode=MULTIPLE, serverDescriptions=[ServerDescription{address=ac-cgx0izb-shard-00-01.uo2oqqs.mongodb.net:27017, type=UNKNOWN, state=CONNECTING}, ServerDescription{address=ac-cgx0izb-shard-00-02.uo2oqqs.mongodb.net:27017, type=UNKNOWN, state=CONNECTING}, ServerDescription{address=ac-cgx0izb-shard-00-00.uo2oqqs.mongodb.net:27017, type=UNKNOWN, state=CONNECTING}]}. Waiting for 30000 ms before timing out
2024-05-29T20:27:50.524-03:00  INFO 26850 --- [demo] [ngodb.net:27017] org.mongodb.driver.cluster               : Monitor thread successfully connected to server with description ServerDescription{address=ac-cgx0izb-shard-00-01.uo2oqqs.mongodb.net:27017, type=REPLICA_SET_SECONDARY, state=CONNECTED, ok=true, minWireVersion=0, maxWireVersion=21, maxDocumentSize=16777216, logicalSessionTimeoutMinutes=30, roundTripTimeNanos=288267962, setName='atlas-m4p6qm-shard-0', canonicalAddress=ac-cgx0izb-shard-00-01.uo2oqqs.mongodb.net:27017, hosts=[ac-cgx0izb-shard-00-01.uo2oqqs.mongodb.net:27017, ac-cgx0izb-shard-00-02.uo2oqqs.mongodb.net:27017, ac-cgx0izb-shard-00-00.uo2oqqs.mongodb.net:27017], passives=[], arbiters=[], primary='ac-cgx0izb-shard-00-02.uo2oqqs.mongodb.net:27017', tagSet=TagSet{[Tag{name='availabilityZone', value='southamerica-east1-b'}, Tag{name='diskState', value='READY'}, Tag{name='nodeType', value='ELECTABLE'}, Tag{name='provider', value='GCP'}, Tag{name='region', value='SOUTH_AMERICA_EAST_1'}, Tag{name='workloadType', value='OPERATIONAL'}]}, electionId=null, setVersion=11, topologyVersion=TopologyVersion{processId=6655e4cd5d160b4d67b8ab81, counter=3}, lastWriteDate=Wed May 29 20:27:50 ART 2024, lastUpdateTimeNanos=84917894904977}
2024-05-29T20:27:50.524-03:00  INFO 26850 --- [demo] [ngodb.net:27017] org.mongodb.driver.cluster               : Monitor thread successfully connected to server with description ServerDescription{address=ac-cgx0izb-shard-00-00.uo2oqqs.mongodb.net:27017, type=REPLICA_SET_SECONDARY, state=CONNECTED, ok=true, minWireVersion=0, maxWireVersion=21, maxDocumentSize=16777216, logicalSessionTimeoutMinutes=30, roundTripTimeNanos=288223230, setName='atlas-m4p6qm-shard-0', canonicalAddress=ac-cgx0izb-shard-00-00.uo2oqqs.mongodb.net:27017, hosts=[ac-cgx0izb-shard-00-01.uo2oqqs.mongodb.net:27017, ac-cgx0izb-shard-00-02.uo2oqqs.mongodb.net:27017, ac-cgx0izb-shard-00-00.uo2oqqs.mongodb.net:27017], passives=[], arbiters=[], primary='ac-cgx0izb-shard-00-02.uo2oqqs.mongodb.net:27017', tagSet=TagSet{[Tag{name='availabilityZone', value='southamerica-east1-a'}, Tag{name='diskState', value='READY'}, Tag{name='nodeType', value='ELECTABLE'}, Tag{name='provider', value='GCP'}, Tag{name='region', value='SOUTH_AMERICA_EAST_1'}, Tag{name='workloadType', value='OPERATIONAL'}]}, electionId=null, setVersion=11, topologyVersion=TopologyVersion{processId=6655e427c34aa50f1f961710, counter=4}, lastWriteDate=Wed May 29 20:27:50 ART 2024, lastUpdateTimeNanos=84917894907813}
2024-05-29T20:27:50.541-03:00  INFO 26850 --- [demo] [ngodb.net:27017] org.mongodb.driver.cluster               : Monitor thread successfully connected to server with description ServerDescription{address=ac-cgx0izb-shard-00-02.uo2oqqs.mongodb.net:27017, type=REPLICA_SET_PRIMARY, state=CONNECTED, ok=true, minWireVersion=0, maxWireVersion=21, maxDocumentSize=16777216, logicalSessionTimeoutMinutes=30, roundTripTimeNanos=124832822, setName='atlas-m4p6qm-shard-0', canonicalAddress=ac-cgx0izb-shard-00-02.uo2oqqs.mongodb.net:27017, hosts=[ac-cgx0izb-shard-00-01.uo2oqqs.mongodb.net:27017, ac-cgx0izb-shard-00-02.uo2oqqs.mongodb.net:27017, ac-cgx0izb-shard-00-00.uo2oqqs.mongodb.net:27017], passives=[], arbiters=[], primary='ac-cgx0izb-shard-00-02.uo2oqqs.mongodb.net:27017', tagSet=TagSet{[Tag{name='availabilityZone', value='southamerica-east1-c'}, Tag{name='diskState', value='READY'}, Tag{name='nodeType', value='ELECTABLE'}, Tag{name='provider', value='GCP'}, Tag{name='region', value='SOUTH_AMERICA_EAST_1'}, Tag{name='workloadType', value='OPERATIONAL'}]}, electionId=7fffffff00000000000000a3, setVersion=11, topologyVersion=TopologyVersion{processId=6655e479c5a468a007bc5084, counter=6}, lastWriteDate=Wed May 29 20:27:50 ART 2024, lastUpdateTimeNanos=84917914816111}
2024-05-29T20:27:50.542-03:00  INFO 26850 --- [demo] [ngodb.net:27017] org.mongodb.driver.cluster               : Discovered replica set primary ac-cgx0izb-shard-00-02.uo2oqqs.mongodb.net:27017 with max election id 7fffffff00000000000000a3 and max set version 11
2024-05-29T20:27:51.632-03:00  INFO 26850 --- [demo] [           main] o.s.b.a.e.web.EndpointLinksResolver      : Exposing 13 endpoint(s) beneath base path '/actuator'
2024-05-29T20:27:51.681-03:00  INFO 26850 --- [demo] [           main] c.mercadolibre.EjercicioApplicationTest  : Started EjercicioApplicationTest in 3.811 seconds (process running for 4.8)

  .   ____          _            __ _ _
 /\\ / ___'_ __ _ _(_)_ __  __ _ \ \ \ \
( ( )\___ | '_ | '_| | '_ \/ _` | \ \ \ \
 \\/  ___)| |_)| | | | | || (_| |  ) ) ) )
  '  |____| .__|_| |_|_| |_\__, | / / / /
 =========|_|==============|___/=/_/_/_/
 :: Spring Boot ::                (v3.2.5)

2024-05-29T20:27:52.405-03:00  INFO 26850 --- [demo] [           main] com.mercadolibre.EjercicioApplication    : Starting EjercicioApplication using Java 17.0.5 with PID 26850 (started by axelarrondo in /Users/axelarrondo/repo/ejercicio/ejercicio)
2024-05-29T20:27:52.406-03:00  INFO 26850 --- [demo] [           main] com.mercadolibre.EjercicioApplication    : No active profile set, falling back to 1 default profile: "default"
2024-05-29T20:27:52.550-03:00  INFO 26850 --- [demo] [           main] .s.d.r.c.RepositoryConfigurationDelegate : Bootstrapping Spring Data MongoDB repositories in DEFAULT mode.
2024-05-29T20:27:52.554-03:00  INFO 26850 --- [demo] [           main] .s.d.r.c.RepositoryConfigurationDelegate : Finished Spring Data repository scanning in 3 ms. Found 1 MongoDB repository interface.
2024-05-29T20:27:52.765-03:00  INFO 26850 --- [demo] [           main] o.s.b.w.embedded.tomcat.TomcatWebServer  : Tomcat initialized with port 8080 (http)
2024-05-29T20:27:52.775-03:00  INFO 26850 --- [demo] [           main] o.apache.catalina.core.StandardService   : Starting service [Tomcat]
2024-05-29T20:27:52.775-03:00  INFO 26850 --- [demo] [           main] o.apache.catalina.core.StandardEngine    : Starting Servlet engine: [Apache Tomcat/10.1.20]
2024-05-29T20:27:52.837-03:00  INFO 26850 --- [demo] [           main] o.a.c.c.C.[Tomcat].[localhost].[/]       : Initializing Spring embedded WebApplicationContext
2024-05-29T20:27:52.838-03:00  INFO 26850 --- [demo] [           main] w.s.c.ServletWebServerApplicationContext : Root WebApplicationContext: initialization completed in 428 ms
Standard Commons Logging discovery in action with spring-jcl: please remove commons-logging.jar from classpath in order to avoid potential conflicts
2024-05-29T20:27:52.937-03:00  INFO 26850 --- [demo] [           main] org.mongodb.driver.client                : MongoClient with metadata {"driver": {"name": "mongo-java-driver|sync|spring-boot", "version": "4.11.2"}, "os": {"type": "Darwin", "name": "Mac OS X", "architecture": "x86_64", "version": "13.6.6"}, "platform": "Java/Eclipse Adoptium/17.0.5+8"} created with settings MongoClientSettings{readPreference=primary, writeConcern=WriteConcern{w=null, wTimeout=null ms, journal=null}, retryWrites=true, retryReads=true, readConcern=ReadConcern{level=null}, credential=MongoCredential{mechanism=null, userName='axelarrondo', source='admin', password=<hidden>, mechanismProperties=<hidden>}, transportSettings=null, streamFactoryFactory=null, commandListeners=[io.micrometer.core.instrument.binder.mongodb.MongoMetricsCommandListener@2c7607e5], codecRegistry=ProvidersCodecRegistry{codecProviders=[ValueCodecProvider{}, BsonValueCodecProvider{}, DBRefCodecProvider{}, DBObjectCodecProvider{}, DocumentCodecProvider{}, CollectionCodecProvider{}, IterableCodecProvider{}, MapCodecProvider{}, GeoJsonCodecProvider{}, GridFSFileCodecProvider{}, Jsr310CodecProvider{}, JsonObjectCodecProvider{}, BsonCodecProvider{}, EnumCodecProvider{}, com.mongodb.client.model.mql.ExpressionCodecProvider@74f280bd, com.mongodb.Jep395RecordCodecProvider@675b18ff, com.mongodb.KotlinCodecProvider@34279b8a]}, loggerSettings=LoggerSettings{maxDocumentLength=1000}, clusterSettings={hosts=[127.0.0.1:27017], srvHost=cluster0.uo2oqqs.mongodb.net, srvServiceName=mongodb, mode=MULTIPLE, requiredClusterType=REPLICA_SET, requiredReplicaSetName='atlas-m4p6qm-shard-0', serverSelector='null', clusterListeners='[]', serverSelectionTimeout='30000 ms', localThreshold='15 ms'}, socketSettings=SocketSettings{connectTimeoutMS=10000, readTimeoutMS=0, receiveBufferSize=0, proxySettings=ProxySettings{host=null, port=null, username=null, password=null}}, heartbeatSocketSettings=SocketSettings{connectTimeoutMS=10000, readTimeoutMS=10000, receiveBufferSize=0, proxySettings=ProxySettings{host=null, port=null, username=null, password=null}}, connectionPoolSettings=ConnectionPoolSettings{maxSize=100, minSize=0, maxWaitTimeMS=120000, maxConnectionLifeTimeMS=0, maxConnectionIdleTimeMS=0, maintenanceInitialDelayMS=0, maintenanceFrequencyMS=60000, connectionPoolListeners=[io.micrometer.core.instrument.binder.mongodb.MongoMetricsConnectionPoolListener@533a27f8], maxConnecting=2}, serverSettings=ServerSettings{heartbeatFrequencyMS=10000, minHeartbeatFrequencyMS=500, serverListeners='[]', serverMonitorListeners='[]'}, sslSettings=SslSettings{enabled=true, invalidHostNameAllowed=false, context=null}, applicationName='null', compressorList=[], uuidRepresentation=JAVA_LEGACY, serverApi=null, autoEncryptionSettings=null, dnsClient=null, inetAddressResolver=null, contextProvider=null}
2024-05-29T20:27:52.950-03:00  INFO 26850 --- [demo] [qqs.mongodb.net] org.mongodb.driver.cluster               : Adding discovered server ac-cgx0izb-shard-00-01.uo2oqqs.mongodb.net:27017 to client view of cluster
2024-05-29T20:27:52.952-03:00  INFO 26850 --- [demo] [qqs.mongodb.net] org.mongodb.driver.cluster               : Adding discovered server ac-cgx0izb-shard-00-02.uo2oqqs.mongodb.net:27017 to client view of cluster
2024-05-29T20:27:52.955-03:00  INFO 26850 --- [demo] [qqs.mongodb.net] org.mongodb.driver.cluster               : Adding discovered server ac-cgx0izb-shard-00-00.uo2oqqs.mongodb.net:27017 to client view of cluster
2024-05-29T20:27:52.963-03:00  INFO 26850 --- [demo] [           main] org.mongodb.driver.cluster               : No server chosen by ReadPreferenceServerSelector{readPreference=primary} from cluster description ClusterDescription{type=REPLICA_SET, connectionMode=MULTIPLE, serverDescriptions=[ServerDescription{address=ac-cgx0izb-shard-00-01.uo2oqqs.mongodb.net:27017, type=UNKNOWN, state=CONNECTING}, ServerDescription{address=ac-cgx0izb-shard-00-02.uo2oqqs.mongodb.net:27017, type=UNKNOWN, state=CONNECTING}, ServerDescription{address=ac-cgx0izb-shard-00-00.uo2oqqs.mongodb.net:27017, type=UNKNOWN, state=CONNECTING}]}. Waiting for 30000 ms before timing out
2024-05-29T20:27:53.121-03:00  INFO 26850 --- [demo] [ngodb.net:27017] org.mongodb.driver.cluster               : Monitor thread successfully connected to server with description ServerDescription{address=ac-cgx0izb-shard-00-02.uo2oqqs.mongodb.net:27017, type=REPLICA_SET_PRIMARY, state=CONNECTED, ok=true, minWireVersion=0, maxWireVersion=21, maxDocumentSize=16777216, logicalSessionTimeoutMinutes=30, roundTripTimeNanos=106231549, setName='atlas-m4p6qm-shard-0', canonicalAddress=ac-cgx0izb-shard-00-02.uo2oqqs.mongodb.net:27017, hosts=[ac-cgx0izb-shard-00-01.uo2oqqs.mongodb.net:27017, ac-cgx0izb-shard-00-02.uo2oqqs.mongodb.net:27017, ac-cgx0izb-shard-00-00.uo2oqqs.mongodb.net:27017], passives=[], arbiters=[], primary='ac-cgx0izb-shard-00-02.uo2oqqs.mongodb.net:27017', tagSet=TagSet{[Tag{name='availabilityZone', value='southamerica-east1-c'}, Tag{name='diskState', value='READY'}, Tag{name='nodeType', value='ELECTABLE'}, Tag{name='provider', value='GCP'}, Tag{name='region', value='SOUTH_AMERICA_EAST_1'}, Tag{name='workloadType', value='OPERATIONAL'}]}, electionId=7fffffff00000000000000a3, setVersion=11, topologyVersion=TopologyVersion{processId=6655e479c5a468a007bc5084, counter=6}, lastWriteDate=Wed May 29 20:27:53 ART 2024, lastUpdateTimeNanos=84920495346003}
2024-05-29T20:27:53.122-03:00  INFO 26850 --- [demo] [ngodb.net:27017] org.mongodb.driver.cluster               : Monitor thread successfully connected to server with description ServerDescription{address=ac-cgx0izb-shard-00-01.uo2oqqs.mongodb.net:27017, type=REPLICA_SET_SECONDARY, state=CONNECTED, ok=true, minWireVersion=0, maxWireVersion=21, maxDocumentSize=16777216, logicalSessionTimeoutMinutes=30, roundTripTimeNanos=106231538, setName='atlas-m4p6qm-shard-0', canonicalAddress=ac-cgx0izb-shard-00-01.uo2oqqs.mongodb.net:27017, hosts=[ac-cgx0izb-shard-00-01.uo2oqqs.mongodb.net:27017, ac-cgx0izb-shard-00-02.uo2oqqs.mongodb.net:27017, ac-cgx0izb-shard-00-00.uo2oqqs.mongodb.net:27017], passives=[], arbiters=[], primary='ac-cgx0izb-shard-00-02.uo2oqqs.mongodb.net:27017', tagSet=TagSet{[Tag{name='availabilityZone', value='southamerica-east1-b'}, Tag{name='diskState', value='READY'}, Tag{name='nodeType', value='ELECTABLE'}, Tag{name='provider', value='GCP'}, Tag{name='region', value='SOUTH_AMERICA_EAST_1'}, Tag{name='workloadType', value='OPERATIONAL'}]}, electionId=null, setVersion=11, topologyVersion=TopologyVersion{processId=6655e4cd5d160b4d67b8ab81, counter=3}, lastWriteDate=Wed May 29 20:27:53 ART 2024, lastUpdateTimeNanos=84920495346003}
2024-05-29T20:27:53.122-03:00  INFO 26850 --- [demo] [ngodb.net:27017] org.mongodb.driver.cluster               : Discovered replica set primary ac-cgx0izb-shard-00-02.uo2oqqs.mongodb.net:27017 with max election id 7fffffff00000000000000a3 and max set version 11
2024-05-29T20:27:53.130-03:00  INFO 26850 --- [demo] [ngodb.net:27017] org.mongodb.driver.cluster               : Monitor thread successfully connected to server with description ServerDescription{address=ac-cgx0izb-shard-00-00.uo2oqqs.mongodb.net:27017, type=REPLICA_SET_SECONDARY, state=CONNECTED, ok=true, minWireVersion=0, maxWireVersion=21, maxDocumentSize=16777216, logicalSessionTimeoutMinutes=30, roundTripTimeNanos=114263841, setName='atlas-m4p6qm-shard-0', canonicalAddress=ac-cgx0izb-shard-00-00.uo2oqqs.mongodb.net:27017, hosts=[ac-cgx0izb-shard-00-01.uo2oqqs.mongodb.net:27017, ac-cgx0izb-shard-00-02.uo2oqqs.mongodb.net:27017, ac-cgx0izb-shard-00-00.uo2oqqs.mongodb.net:27017], passives=[], arbiters=[], primary='ac-cgx0izb-shard-00-02.uo2oqqs.mongodb.net:27017', tagSet=TagSet{[Tag{name='availabilityZone', value='southamerica-east1-a'}, Tag{name='diskState', value='READY'}, Tag{name='nodeType', value='ELECTABLE'}, Tag{name='provider', value='GCP'}, Tag{name='region', value='SOUTH_AMERICA_EAST_1'}, Tag{name='workloadType', value='OPERATIONAL'}]}, electionId=null, setVersion=11, topologyVersion=TopologyVersion{processId=6655e427c34aa50f1f961710, counter=4}, lastWriteDate=Wed May 29 20:27:53 ART 2024, lastUpdateTimeNanos=84920503602181}
2024-05-29T20:27:53.703-03:00  INFO 26850 --- [demo] [           main] o.s.b.a.e.web.EndpointLinksResolver      : Exposing 13 endpoint(s) beneath base path '/actuator'
2024-05-29T20:27:53.730-03:00  INFO 26850 --- [demo] [           main] o.s.b.w.embedded.tomcat.TomcatWebServer  : Tomcat started on port 8080 (http) with context path ''
2024-05-29T20:27:53.738-03:00  INFO 26850 --- [demo] [           main] com.mercadolibre.EjercicioApplication    : Started EjercicioApplication in 1.364 seconds (process running for 6.857)
2024-05-29T20:27:53.742-03:00  INFO 26850 --- [demo] [           main] com.mercadolibre.EjercicioApplication    : Start Application
2024-05-29T20:27:53.742-03:00  INFO 26850 --- [demo] [           main] com.mercadolibre.EjercicioApplication    : do a request!
]]></system-out>
    <system-err><![CDATA[SLF4J(W): Class path contains multiple SLF4J providers.
SLF4J(W): Found provider [ch.qos.logback.classic.spi.LogbackServiceProvider@411f53a0]
SLF4J(W): Found provider [org.slf4j.nop.NOPServiceProvider@2b71e916]
SLF4J(W): Found provider [org.apache.logging.slf4j.SLF4JServiceProvider@36fc695d]
SLF4J(W): See https://www.slf4j.org/codes.html#multiple_bindings for an explanation.
SLF4J(I): Actual provider is of type [ch.qos.logback.classic.spi.LogbackServiceProvider@411f53a0]
]]></system-err>
  </testcase>
</testsuite>