<?xml version="1.0" encoding="UTF-8"?>
<testsuite xmlns:xsi="http://www.w3.org/2001/XMLSchema-instance" xsi:noNamespaceSchemaLocation="https://maven.apache.org/surefire/maven-surefire-plugin/xsd/surefire-test-report-3.0.xsd" version="3.0" name="com.mercadolibre.EjercicioApplicationTest" time="6.358" tests="1" errors="0" skipped="0" failures="0">
  <properties>
    <property name="java.specification.version" value="17"/>
    <property name="sun.jnu.encoding" value="UTF-8"/>
    <property name="java.class.path" value="/Users/axelarrondo/repo/ejercicio/ejercicio/target/test-classes:/Users/axelarrondo/repo/ejercicio/ejercicio/target/classes:/Users/axelarrondo/.m2/repository/org/mongodb/mongodb-driver-sync/4.11.2/mongodb-driver-sync-4.11.2.jar:/Users/axelarrondo/.m2/repository/org/mongodb/bson/4.11.2/bson-4.11.2.jar:/Users/axelarrondo/.m2/repository/org/mongodb/mongodb-driver-core/4.11.2/mongodb-driver-core-4.11.2.jar:/Users/axelarrondo/.m2/repository/org/mongodb/bson-record-codec/4.11.2/bson-record-codec-4.11.2.jar:/Users/axelarrondo/.m2/repository/org/springframework/boot/spring-boot-starter-data-mongodb/3.2.5/spring-boot-starter-data-mongodb-3.2.5.jar:/Users/axelarrondo/.m2/repository/org/springframework/boot/spring-boot-starter/3.2.5/spring-boot-starter-3.2.5.jar:/Users/axelarrondo/.m2/repository/org/springframework/boot/spring-boot/3.2.5/spring-boot-3.2.5.jar:/Users/axelarrondo/.m2/repository/org/springframework/boot/spring-boot-autoconfigure/3.2.5/spring-boot-autoconfigure-3.2.5.jar:/Users/axelarrondo/.m2/repository/org/springframework/boot/spring-boot-starter-logging/3.2.5/spring-boot-starter-logging-3.2.5.jar:/Users/axelarrondo/.m2/repository/ch/qos/logback/logback-classic/1.4.14/logback-classic-1.4.14.jar:/Users/axelarrondo/.m2/repository/ch/qos/logback/logback-core/1.4.14/logback-core-1.4.14.jar:/Users/axelarrondo/.m2/repository/org/apache/logging/log4j/log4j-to-slf4j/2.21.1/log4j-to-slf4j-2.21.1.jar:/Users/axelarrondo/.m2/repository/org/slf4j/jul-to-slf4j/2.0.13/jul-to-slf4j-2.0.13.jar:/Users/axelarrondo/.m2/repository/jakarta/annotation/jakarta.annotation-api/2.1.1/jakarta.annotation-api-2.1.1.jar:/Users/axelarrondo/.m2/repository/org/yaml/snakeyaml/2.2/snakeyaml-2.2.jar:/Users/axelarrondo/.m2/repository/org/springframework/data/spring-data-mongodb/4.2.5/spring-data-mongodb-4.2.5.jar:/Users/axelarrondo/.m2/repository/org/springframework/spring-tx/6.1.6/spring-tx-6.1.6.jar:/Users/axelarrondo/.m2/repository/org/springframework/spring-context/6.1.6/spring-context-6.1.6.jar:/Users/axelarrondo/.m2/repository/org/springframework/spring-beans/6.1.6/spring-beans-6.1.6.jar:/Users/axelarrondo/.m2/repository/org/springframework/spring-expression/6.1.6/spring-expression-6.1.6.jar:/Users/axelarrondo/.m2/repository/org/springframework/data/spring-data-commons/3.2.5/spring-data-commons-3.2.5.jar:/Users/axelarrondo/.m2/repository/org/slf4j/slf4j-api/2.0.13/slf4j-api-2.0.13.jar:/Users/axelarrondo/.m2/repository/com/fasterxml/jackson/core/jackson-annotations/2.15.4/jackson-annotations-2.15.4.jar:/Users/axelarrondo/.m2/repository/org/javatuples/javatuples/1.2/javatuples-1.2.jar:/Users/axelarrondo/.m2/repository/org/springframework/boot/spring-boot-starter-web/3.2.5/spring-boot-starter-web-3.2.5.jar:/Users/axelarrondo/.m2/repository/org/springframework/boot/spring-boot-starter-json/3.2.5/spring-boot-starter-json-3.2.5.jar:/Users/axelarrondo/.m2/repository/com/fasterxml/jackson/core/jackson-databind/2.15.4/jackson-databind-2.15.4.jar:/Users/axelarrondo/.m2/repository/com/fasterxml/jackson/core/jackson-core/2.15.4/jackson-core-2.15.4.jar:/Users/axelarrondo/.m2/repository/com/fasterxml/jackson/datatype/jackson-datatype-jdk8/2.15.4/jackson-datatype-jdk8-2.15.4.jar:/Users/axelarrondo/.m2/repository/com/fasterxml/jackson/datatype/jackson-datatype-jsr310/2.15.4/jackson-datatype-jsr310-2.15.4.jar:/Users/axelarrondo/.m2/repository/com/fasterxml/jackson/module/jackson-module-parameter-names/2.15.4/jackson-module-parameter-names-2.15.4.jar:/Users/axelarrondo/.m2/repository/org/springframework/boot/spring-boot-starter-tomcat/3.2.5/spring-boot-starter-tomcat-3.2.5.jar:/Users/axelarrondo/.m2/repository/org/apache/tomcat/embed/tomcat-embed-core/10.1.20/tomcat-embed-core-10.1.20.jar:/Users/axelarrondo/.m2/repository/org/apache/tomcat/embed/tomcat-embed-el/10.1.20/tomcat-embed-el-10.1.20.jar:/Users/axelarrondo/.m2/repository/org/apache/tomcat/embed/tomcat-embed-websocket/10.1.20/tomcat-embed-websocket-10.1.20.jar:/Users/axelarrondo/.m2/repository/org/springframework/spring-web/6.1.6/spring-web-6.1.6.jar:/Users/axelarrondo/.m2/repository/org/springframework/spring-webmvc/6.1.6/spring-webmvc-6.1.6.jar:/Users/axelarrondo/.m2/repository/org/springframework/spring-aop/6.1.6/spring-aop-6.1.6.jar:/Users/axelarrondo/.m2/repository/org/springframework/boot/spring-boot-starter-actuator/3.2.5/spring-boot-starter-actuator-3.2.5.jar:/Users/axelarrondo/.m2/repository/org/springframework/boot/spring-boot-actuator-autoconfigure/3.2.5/spring-boot-actuator-autoconfigure-3.2.5.jar:/Users/axelarrondo/.m2/repository/org/springframework/boot/spring-boot-actuator/3.2.5/spring-boot-actuator-3.2.5.jar:/Users/axelarrondo/.m2/repository/io/micrometer/micrometer-observation/1.12.5/micrometer-observation-1.12.5.jar:/Users/axelarrondo/.m2/repository/io/micrometer/micrometer-commons/1.12.5/micrometer-commons-1.12.5.jar:/Users/axelarrondo/.m2/repository/io/micrometer/micrometer-jakarta9/1.12.5/micrometer-jakarta9-1.12.5.jar:/Users/axelarrondo/.m2/repository/io/micrometer/micrometer-core/1.12.5/micrometer-core-1.12.5.jar:/Users/axelarrondo/.m2/repository/org/hdrhistogram/HdrHistogram/2.1.12/HdrHistogram-2.1.12.jar:/Users/axelarrondo/.m2/repository/org/latencyutils/LatencyUtils/2.0.3/LatencyUtils-2.0.3.jar:/Users/axelarrondo/.m2/repository/org/springframework/boot/spring-boot-starter-test/3.2.5/spring-boot-starter-test-3.2.5.jar:/Users/axelarrondo/.m2/repository/org/springframework/boot/spring-boot-test/3.2.5/spring-boot-test-3.2.5.jar:/Users/axelarrondo/.m2/repository/org/springframework/boot/spring-boot-test-autoconfigure/3.2.5/spring-boot-test-autoconfigure-3.2.5.jar:/Users/axelarrondo/.m2/repository/com/jayway/jsonpath/json-path/2.9.0/json-path-2.9.0.jar:/Users/axelarrondo/.m2/repository/jakarta/xml/bind/jakarta.xml.bind-api/4.0.2/jakarta.xml.bind-api-4.0.2.jar:/Users/axelarrondo/.m2/repository/jakarta/activation/jakarta.activation-api/2.1.3/jakarta.activation-api-2.1.3.jar:/Users/axelarrondo/.m2/repository/net/minidev/json-smart/2.5.1/json-smart-2.5.1.jar:/Users/axelarrondo/.m2/repository/net/minidev/accessors-smart/2.5.1/accessors-smart-2.5.1.jar:/Users/axelarrondo/.m2/repository/org/ow2/asm/asm/9.6/asm-9.6.jar:/Users/axelarrondo/.m2/repository/org/assertj/assertj-core/3.24.2/assertj-core-3.24.2.jar:/Users/axelarrondo/.m2/repository/net/bytebuddy/byte-buddy/1.14.13/byte-buddy-1.14.13.jar:/Users/axelarrondo/.m2/repository/org/awaitility/awaitility/4.2.1/awaitility-4.2.1.jar:/Users/axelarrondo/.m2/repository/org/hamcrest/hamcrest/2.2/hamcrest-2.2.jar:/Users/axelarrondo/.m2/repository/org/junit/jupiter/junit-jupiter/5.10.2/junit-jupiter-5.10.2.jar:/Users/axelarrondo/.m2/repository/org/junit/jupiter/junit-jupiter-api/5.10.2/junit-jupiter-api-5.10.2.jar:/Users/axelarrondo/.m2/repository/org/opentest4j/opentest4j/1.3.0/opentest4j-1.3.0.jar:/Users/axelarrondo/.m2/repository/org/junit/platform/junit-platform-commons/1.10.2/junit-platform-commons-1.10.2.jar:/Users/axelarrondo/.m2/repository/org/apiguardian/apiguardian-api/1.1.2/apiguardian-api-1.1.2.jar:/Users/axelarrondo/.m2/repository/org/junit/jupiter/junit-jupiter-params/5.10.2/junit-jupiter-params-5.10.2.jar:/Users/axelarrondo/.m2/repository/org/junit/jupiter/junit-jupiter-engine/5.10.2/junit-jupiter-engine-5.10.2.jar:/Users/axelarrondo/.m2/repository/org/junit/platform/junit-platform-engine/1.10.2/junit-platform-engine-1.10.2.jar:/Users/axelarrondo/.m2/repository/org/mockito/mockito-core/5.7.0/mockito-core-5.7.0.jar:/Users/axelarrondo/.m2/repository/net/bytebuddy/byte-buddy-agent/1.14.13/byte-buddy-agent-1.14.13.jar:/Users/axelarrondo/.m2/repository/org/objenesis/objenesis/3.3/objenesis-3.3.jar:/Users/axelarrondo/.m2/repository/org/mockito/mockito-junit-jupiter/5.7.0/mockito-junit-jupiter-5.7.0.jar:/Users/axelarrondo/.m2/repository/org/skyscreamer/jsonassert/1.5.1/jsonassert-1.5.1.jar:/Users/axelarrondo/.m2/repository/com/vaadin/external/google/android-json/0.0.20131108.vaadin1/android-json-0.0.20131108.vaadin1.jar:/Users/axelarrondo/.m2/repository/org/springframework/spring-core/6.1.6/spring-core-6.1.6.jar:/Users/axelarrondo/.m2/repository/org/springframework/spring-jcl/6.1.6/spring-jcl-6.1.6.jar:/Users/axelarrondo/.m2/repository/org/springframework/spring-test/6.1.6/spring-test-6.1.6.jar:/Users/axelarrondo/.m2/repository/org/xmlunit/xmlunit-core/2.9.1/xmlunit-core-2.9.1.jar:/Users/axelarrondo/.m2/repository/org/springframework/boot/spring-boot-starter-log4j2/3.2.5/spring-boot-starter-log4j2-3.2.5.jar:/Users/axelarrondo/.m2/repository/org/apache/logging/log4j/log4j-slf4j2-impl/2.21.1/log4j-slf4j2-impl-2.21.1.jar:/Users/axelarrondo/.m2/repository/org/apache/logging/log4j/log4j-api/2.21.1/log4j-api-2.21.1.jar:/Users/axelarrondo/.m2/repository/org/apache/logging/log4j/log4j-core/2.21.1/log4j-core-2.21.1.jar:/Users/axelarrondo/.m2/repository/org/apache/logging/log4j/log4j-jul/2.21.1/log4j-jul-2.21.1.jar:"/>
    <property name="java.vm.vendor" value="Eclipse Adoptium"/>
    <property name="sun.arch.data.model" value="64"/>
    <property name="catalina.useNaming" value="false"/>
    <property name="java.vendor.url" value="https://adoptium.net/"/>
    <property name="user.timezone" value="America/Argentina/Buenos_Aires"/>
    <property name="os.name" value="Mac OS X"/>
    <property name="java.vm.specification.version" value="17"/>
    <property name="sun.java.launcher" value="SUN_STANDARD"/>
    <property name="user.country" value="AR"/>
    <property name="sun.boot.library.path" value="/Library/Java/JavaVirtualMachines/temurin-17.jdk/Contents/Home/lib"/>
    <property name="sun.java.command" value="/Users/axelarrondo/repo/ejercicio/ejercicio/target/surefire/surefirebooter-20240528173843681_3.jar /Users/axelarrondo/repo/ejercicio/ejercicio/target/surefire 2024-05-28T17-38-43_535-jvmRun1 surefire-20240528173843681_1tmp surefire_0-20240528173843681_2tmp"/>
    <property name="http.nonProxyHosts" value="local|*.local|169.254/16|*.169.254/16"/>
    <property name="jdk.debug" value="release"/>
    <property name="surefire.test.class.path" value="/Users/axelarrondo/repo/ejercicio/ejercicio/target/test-classes:/Users/axelarrondo/repo/ejercicio/ejercicio/target/classes:/Users/axelarrondo/.m2/repository/org/mongodb/mongodb-driver-sync/4.11.2/mongodb-driver-sync-4.11.2.jar:/Users/axelarrondo/.m2/repository/org/mongodb/bson/4.11.2/bson-4.11.2.jar:/Users/axelarrondo/.m2/repository/org/mongodb/mongodb-driver-core/4.11.2/mongodb-driver-core-4.11.2.jar:/Users/axelarrondo/.m2/repository/org/mongodb/bson-record-codec/4.11.2/bson-record-codec-4.11.2.jar:/Users/axelarrondo/.m2/repository/org/springframework/boot/spring-boot-starter-data-mongodb/3.2.5/spring-boot-starter-data-mongodb-3.2.5.jar:/Users/axelarrondo/.m2/repository/org/springframework/boot/spring-boot-starter/3.2.5/spring-boot-starter-3.2.5.jar:/Users/axelarrondo/.m2/repository/org/springframework/boot/spring-boot/3.2.5/spring-boot-3.2.5.jar:/Users/axelarrondo/.m2/repository/org/springframework/boot/spring-boot-autoconfigure/3.2.5/spring-boot-autoconfigure-3.2.5.jar:/Users/axelarrondo/.m2/repository/org/springframework/boot/spring-boot-starter-logging/3.2.5/spring-boot-starter-logging-3.2.5.jar:/Users/axelarrondo/.m2/repository/ch/qos/logback/logback-classic/1.4.14/logback-classic-1.4.14.jar:/Users/axelarrondo/.m2/repository/ch/qos/logback/logback-core/1.4.14/logback-core-1.4.14.jar:/Users/axelarrondo/.m2/repository/org/apache/logging/log4j/log4j-to-slf4j/2.21.1/log4j-to-slf4j-2.21.1.jar:/Users/axelarrondo/.m2/repository/org/slf4j/jul-to-slf4j/2.0.13/jul-to-slf4j-2.0.13.jar:/Users/axelarrondo/.m2/repository/jakarta/annotation/jakarta.annotation-api/2.1.1/jakarta.annotation-api-2.1.1.jar:/Users/axelarrondo/.m2/repository/org/yaml/snakeyaml/2.2/snakeyaml-2.2.jar:/Users/axelarrondo/.m2/repository/org/springframework/data/spring-data-mongodb/4.2.5/spring-data-mongodb-4.2.5.jar:/Users/axelarrondo/.m2/repository/org/springframework/spring-tx/6.1.6/spring-tx-6.1.6.jar:/Users/axelarrondo/.m2/repository/org/springframework/spring-context/6.1.6/spring-context-6.1.6.jar:/Users/axelarrondo/.m2/repository/org/springframework/spring-beans/6.1.6/spring-beans-6.1.6.jar:/Users/axelarrondo/.m2/repository/org/springframework/spring-expression/6.1.6/spring-expression-6.1.6.jar:/Users/axelarrondo/.m2/repository/org/springframework/data/spring-data-commons/3.2.5/spring-data-commons-3.2.5.jar:/Users/axelarrondo/.m2/repository/org/slf4j/slf4j-api/2.0.13/slf4j-api-2.0.13.jar:/Users/axelarrondo/.m2/repository/com/fasterxml/jackson/core/jackson-annotations/2.15.4/jackson-annotations-2.15.4.jar:/Users/axelarrondo/.m2/repository/org/javatuples/javatuples/1.2/javatuples-1.2.jar:/Users/axelarrondo/.m2/repository/org/springframework/boot/spring-boot-starter-web/3.2.5/spring-boot-starter-web-3.2.5.jar:/Users/axelarrondo/.m2/repository/org/springframework/boot/spring-boot-starter-json/3.2.5/spring-boot-starter-json-3.2.5.jar:/Users/axelarrondo/.m2/repository/com/fasterxml/jackson/core/jackson-databind/2.15.4/jackson-databind-2.15.4.jar:/Users/axelarrondo/.m2/repository/com/fasterxml/jackson/core/jackson-core/2.15.4/jackson-core-2.15.4.jar:/Users/axelarrondo/.m2/repository/com/fasterxml/jackson/datatype/jackson-datatype-jdk8/2.15.4/jackson-datatype-jdk8-2.15.4.jar:/Users/axelarrondo/.m2/repository/com/fasterxml/jackson/datatype/jackson-datatype-jsr310/2.15.4/jackson-datatype-jsr310-2.15.4.jar:/Users/axelarrondo/.m2/repository/com/fasterxml/jackson/module/jackson-module-parameter-names/2.15.4/jackson-module-parameter-names-2.15.4.jar:/Users/axelarrondo/.m2/repository/org/springframework/boot/spring-boot-starter-tomcat/3.2.5/spring-boot-starter-tomcat-3.2.5.jar:/Users/axelarrondo/.m2/repository/org/apache/tomcat/embed/tomcat-embed-core/10.1.20/tomcat-embed-core-10.1.20.jar:/Users/axelarrondo/.m2/repository/org/apache/tomcat/embed/tomcat-embed-el/10.1.20/tomcat-embed-el-10.1.20.jar:/Users/axelarrondo/.m2/repository/org/apache/tomcat/embed/tomcat-embed-websocket/10.1.20/tomcat-embed-websocket-10.1.20.jar:/Users/axelarrondo/.m2/repository/org/springframework/spring-web/6.1.6/spring-web-6.1.6.jar:/Users/axelarrondo/.m2/repository/org/springframework/spring-webmvc/6.1.6/spring-webmvc-6.1.6.jar:/Users/axelarrondo/.m2/repository/org/springframework/spring-aop/6.1.6/spring-aop-6.1.6.jar:/Users/axelarrondo/.m2/repository/org/springframework/boot/spring-boot-starter-actuator/3.2.5/spring-boot-starter-actuator-3.2.5.jar:/Users/axelarrondo/.m2/repository/org/springframework/boot/spring-boot-actuator-autoconfigure/3.2.5/spring-boot-actuator-autoconfigure-3.2.5.jar:/Users/axelarrondo/.m2/repository/org/springframework/boot/spring-boot-actuator/3.2.5/spring-boot-actuator-3.2.5.jar:/Users/axelarrondo/.m2/repository/io/micrometer/micrometer-observation/1.12.5/micrometer-observation-1.12.5.jar:/Users/axelarrondo/.m2/repository/io/micrometer/micrometer-commons/1.12.5/micrometer-commons-1.12.5.jar:/Users/axelarrondo/.m2/repository/io/micrometer/micrometer-jakarta9/1.12.5/micrometer-jakarta9-1.12.5.jar:/Users/axelarrondo/.m2/repository/io/micrometer/micrometer-core/1.12.5/micrometer-core-1.12.5.jar:/Users/axelarrondo/.m2/repository/org/hdrhistogram/HdrHistogram/2.1.12/HdrHistogram-2.1.12.jar:/Users/axelarrondo/.m2/repository/org/latencyutils/LatencyUtils/2.0.3/LatencyUtils-2.0.3.jar:/Users/axelarrondo/.m2/repository/org/springframework/boot/spring-boot-starter-test/3.2.5/spring-boot-starter-test-3.2.5.jar:/Users/axelarrondo/.m2/repository/org/springframework/boot/spring-boot-test/3.2.5/spring-boot-test-3.2.5.jar:/Users/axelarrondo/.m2/repository/org/springframework/boot/spring-boot-test-autoconfigure/3.2.5/spring-boot-test-autoconfigure-3.2.5.jar:/Users/axelarrondo/.m2/repository/com/jayway/jsonpath/json-path/2.9.0/json-path-2.9.0.jar:/Users/axelarrondo/.m2/repository/jakarta/xml/bind/jakarta.xml.bind-api/4.0.2/jakarta.xml.bind-api-4.0.2.jar:/Users/axelarrondo/.m2/repository/jakarta/activation/jakarta.activation-api/2.1.3/jakarta.activation-api-2.1.3.jar:/Users/axelarrondo/.m2/repository/net/minidev/json-smart/2.5.1/json-smart-2.5.1.jar:/Users/axelarrondo/.m2/repository/net/minidev/accessors-smart/2.5.1/accessors-smart-2.5.1.jar:/Users/axelarrondo/.m2/repository/org/ow2/asm/asm/9.6/asm-9.6.jar:/Users/axelarrondo/.m2/repository/org/assertj/assertj-core/3.24.2/assertj-core-3.24.2.jar:/Users/axelarrondo/.m2/repository/net/bytebuddy/byte-buddy/1.14.13/byte-buddy-1.14.13.jar:/Users/axelarrondo/.m2/repository/org/awaitility/awaitility/4.2.1/awaitility-4.2.1.jar:/Users/axelarrondo/.m2/repository/org/hamcrest/hamcrest/2.2/hamcrest-2.2.jar:/Users/axelarrondo/.m2/repository/org/junit/jupiter/junit-jupiter/5.10.2/junit-jupiter-5.10.2.jar:/Users/axelarrondo/.m2/repository/org/junit/jupiter/junit-jupiter-api/5.10.2/junit-jupiter-api-5.10.2.jar:/Users/axelarrondo/.m2/repository/org/opentest4j/opentest4j/1.3.0/opentest4j-1.3.0.jar:/Users/axelarrondo/.m2/repository/org/junit/platform/junit-platform-commons/1.10.2/junit-platform-commons-1.10.2.jar:/Users/axelarrondo/.m2/repository/org/apiguardian/apiguardian-api/1.1.2/apiguardian-api-1.1.2.jar:/Users/axelarrondo/.m2/repository/org/junit/jupiter/junit-jupiter-params/5.10.2/junit-jupiter-params-5.10.2.jar:/Users/axelarrondo/.m2/repository/org/junit/jupiter/junit-jupiter-engine/5.10.2/junit-jupiter-engine-5.10.2.jar:/Users/axelarrondo/.m2/repository/org/junit/platform/junit-platform-engine/1.10.2/junit-platform-engine-1.10.2.jar:/Users/axelarrondo/.m2/repository/org/mockito/mockito-core/5.7.0/mockito-core-5.7.0.jar:/Users/axelarrondo/.m2/repository/net/bytebuddy/byte-buddy-agent/1.14.13/byte-buddy-agent-1.14.13.jar:/Users/axelarrondo/.m2/repository/org/objenesis/objenesis/3.3/objenesis-3.3.jar:/Users/axelarrondo/.m2/repository/org/mockito/mockito-junit-jupiter/5.7.0/mockito-junit-jupiter-5.7.0.jar:/Users/axelarrondo/.m2/repository/org/skyscreamer/jsonassert/1.5.1/jsonassert-1.5.1.jar:/Users/axelarrondo/.m2/repository/com/vaadin/external/google/android-json/0.0.20131108.vaadin1/android-json-0.0.20131108.vaadin1.jar:/Users/axelarrondo/.m2/repository/org/springframework/spring-core/6.1.6/spring-core-6.1.6.jar:/Users/axelarrondo/.m2/repository/org/springframework/spring-jcl/6.1.6/spring-jcl-6.1.6.jar:/Users/axelarrondo/.m2/repository/org/springframework/spring-test/6.1.6/spring-test-6.1.6.jar:/Users/axelarrondo/.m2/repository/org/xmlunit/xmlunit-core/2.9.1/xmlunit-core-2.9.1.jar:/Users/axelarrondo/.m2/repository/org/springframework/boot/spring-boot-starter-log4j2/3.2.5/spring-boot-starter-log4j2-3.2.5.jar:/Users/axelarrondo/.m2/repository/org/apache/logging/log4j/log4j-slf4j2-impl/2.21.1/log4j-slf4j2-impl-2.21.1.jar:/Users/axelarrondo/.m2/repository/org/apache/logging/log4j/log4j-api/2.21.1/log4j-api-2.21.1.jar:/Users/axelarrondo/.m2/repository/org/apache/logging/log4j/log4j-core/2.21.1/log4j-core-2.21.1.jar:/Users/axelarrondo/.m2/repository/org/apache/logging/log4j/log4j-jul/2.21.1/log4j-jul-2.21.1.jar:"/>
    <property name="sun.cpu.endian" value="little"/>
    <property name="user.home" value="/Users/axelarrondo"/>
    <property name="user.language" value="es"/>
    <property name="java.specification.vendor" value="Oracle Corporation"/>
    <property name="java.version.date" value="2022-10-18"/>
    <property name="java.home" value="/Library/Java/JavaVirtualMachines/temurin-17.jdk/Contents/Home"/>
    <property name="file.separator" value="/"/>
    <property name="basedir" value="/Users/axelarrondo/repo/ejercicio/ejercicio"/>
    <property name="java.vm.compressedOopsMode" value="Zero based"/>
    <property name="line.separator" value="&#10;"/>
    <property name="java.vm.specification.vendor" value="Oracle Corporation"/>
    <property name="java.specification.name" value="Java Platform API Specification"/>
    <property name="FILE_LOG_CHARSET" value="UTF-8"/>
    <property name="java.awt.headless" value="true"/>
    <property name="surefire.real.class.path" value="/Users/axelarrondo/repo/ejercicio/ejercicio/target/surefire/surefirebooter-20240528173843681_3.jar"/>
    <property name="sun.management.compiler" value="HotSpot 64-Bit Tiered Compilers"/>
    <property name="ftp.nonProxyHosts" value="local|*.local|169.254/16|*.169.254/16"/>
    <property name="java.runtime.version" value="17.0.5+8"/>
    <property name="user.name" value="axelarrondo"/>
    <property name="path.separator" value=":"/>
    <property name="os.version" value="13.6.6"/>
    <property name="java.runtime.name" value="OpenJDK Runtime Environment"/>
    <property name="file.encoding" value="UTF-8"/>
    <property name="java.vm.name" value="OpenJDK 64-Bit Server VM"/>
    <property name="java.vendor.version" value="Temurin-17.0.5+8"/>
    <property name="localRepository" value="/Users/axelarrondo/.m2/repository"/>
    <property name="java.vendor.url.bug" value="https://github.com/adoptium/adoptium-support/issues"/>
    <property name="java.io.tmpdir" value="/var/folders/g2/1rl6sm8s5px0vtljn652lq7h0000gn/T/"/>
    <property name="catalina.home" value="/private/var/folders/g2/1rl6sm8s5px0vtljn652lq7h0000gn/T/tomcat.8080.8152729295775294159"/>
    <property name="java.version" value="17.0.5"/>
    <property name="user.dir" value="/Users/axelarrondo/repo/ejercicio/ejercicio"/>
    <property name="os.arch" value="x86_64"/>
    <property name="java.vm.specification.name" value="Java Virtual Machine Specification"/>
    <property name="PID" value="9978"/>
    <property name="CONSOLE_LOG_CHARSET" value="UTF-8"/>
    <property name="catalina.base" value="/private/var/folders/g2/1rl6sm8s5px0vtljn652lq7h0000gn/T/tomcat.8080.8152729295775294159"/>
    <property name="native.encoding" value="UTF-8"/>
    <property name="java.library.path" value="/Users/axelarrondo/Library/Java/Extensions:/Library/Java/Extensions:/Network/Library/Java/Extensions:/System/Library/Java/Extensions:/usr/lib/java:."/>
    <property name="java.vm.info" value="mixed mode, sharing"/>
    <property name="java.vendor" value="Eclipse Adoptium"/>
    <property name="java.vm.version" value="17.0.5+8"/>
    <property name="sun.io.unicode.encoding" value="UnicodeBig"/>
    <property name="socksNonProxyHosts" value="local|*.local|169.254/16|*.169.254/16"/>
    <property name="java.class.version" value="61.0"/>
    <property name="LOGGED_APPLICATION_NAME" value="[demo] "/>
  </properties>
  <testcase name="applicationContextTest" classname="com.mercadolibre.EjercicioApplicationTest" time="2.113">
    <system-out><![CDATA[17:38:44.611 [main] INFO org.springframework.test.context.support.AnnotationConfigContextLoaderUtils -- Could not detect default configuration classes for test class [com.mercadolibre.EjercicioApplicationTest]: EjercicioApplicationTest does not declare any static, non-private, non-final, nested classes annotated with @Configuration.
17:38:44.724 [main] INFO org.springframework.boot.test.context.SpringBootTestContextBootstrapper -- Found @SpringBootConfiguration com.mercadolibre.EjercicioApplication for test class com.mercadolibre.EjercicioApplicationTest

  .   ____          _            __ _ _
 /\\ / ___'_ __ _ _(_)_ __  __ _ \ \ \ \
( ( )\___ | '_ | '_| | '_ \/ _` | \ \ \ \
 \\/  ___)| |_)| | | | | || (_| |  ) ) ) )
  '  |____| .__|_| |_|_| |_\__, | / / / /
 =========|_|==============|___/=/_/_/_/
 :: Spring Boot ::                (v3.2.5)

2024-05-28T17:38:45.067-03:00  INFO 9978 --- [demo] [           main] c.mercadolibre.EjercicioApplicationTest  : Starting EjercicioApplicationTest using Java 17.0.5 with PID 9978 (started by axelarrondo in /Users/axelarrondo/repo/ejercicio/ejercicio)
2024-05-28T17:38:45.068-03:00  INFO 9978 --- [demo] [           main] c.mercadolibre.EjercicioApplicationTest  : No active profile set, falling back to 1 default profile: "default"
2024-05-28T17:38:45.781-03:00  INFO 9978 --- [demo] [           main] .s.d.r.c.RepositoryConfigurationDelegate : Bootstrapping Spring Data MongoDB repositories in DEFAULT mode.
2024-05-28T17:38:45.818-03:00  INFO 9978 --- [demo] [           main] .s.d.r.c.RepositoryConfigurationDelegate : Finished Spring Data repository scanning in 25 ms. Found 1 MongoDB repository interface.
2024-05-28T17:38:46.661-03:00  INFO 9978 --- [demo] [           main] org.mongodb.driver.client                : MongoClient with metadata {"driver": {"name": "mongo-java-driver|sync|spring-boot", "version": "4.11.2"}, "os": {"type": "Darwin", "name": "Mac OS X", "architecture": "x86_64", "version": "13.6.6"}, "platform": "Java/Eclipse Adoptium/17.0.5+8"} created with settings MongoClientSettings{readPreference=primary, writeConcern=WriteConcern{w=null, wTimeout=null ms, journal=null}, retryWrites=true, retryReads=true, readConcern=ReadConcern{level=null}, credential=MongoCredential{mechanism=null, userName='axelarrondo', source='admin', password=<hidden>, mechanismProperties=<hidden>}, transportSettings=null, streamFactoryFactory=null, commandListeners=[io.micrometer.core.instrument.binder.mongodb.MongoMetricsCommandListener@76216830], codecRegistry=ProvidersCodecRegistry{codecProviders=[ValueCodecProvider{}, BsonValueCodecProvider{}, DBRefCodecProvider{}, DBObjectCodecProvider{}, DocumentCodecProvider{}, CollectionCodecProvider{}, IterableCodecProvider{}, MapCodecProvider{}, GeoJsonCodecProvider{}, GridFSFileCodecProvider{}, Jsr310CodecProvider{}, JsonObjectCodecProvider{}, BsonCodecProvider{}, EnumCodecProvider{}, com.mongodb.client.model.mql.ExpressionCodecProvider@7aded903, com.mongodb.Jep395RecordCodecProvider@2db86a7c, com.mongodb.KotlinCodecProvider@261f359f]}, loggerSettings=LoggerSettings{maxDocumentLength=1000}, clusterSettings={hosts=[127.0.0.1:27017], srvHost=cluster0.uo2oqqs.mongodb.net, srvServiceName=mongodb, mode=MULTIPLE, requiredClusterType=REPLICA_SET, requiredReplicaSetName='atlas-m4p6qm-shard-0', serverSelector='null', clusterListeners='[]', serverSelectionTimeout='30000 ms', localThreshold='15 ms'}, socketSettings=SocketSettings{connectTimeoutMS=10000, readTimeoutMS=0, receiveBufferSize=0, proxySettings=ProxySettings{host=null, port=null, username=null, password=null}}, heartbeatSocketSettings=SocketSettings{connectTimeoutMS=10000, readTimeoutMS=10000, receiveBufferSize=0, proxySettings=ProxySettings{host=null, port=null, username=null, password=null}}, connectionPoolSettings=ConnectionPoolSettings{maxSize=100, minSize=0, maxWaitTimeMS=120000, maxConnectionLifeTimeMS=0, maxConnectionIdleTimeMS=0, maintenanceInitialDelayMS=0, maintenanceFrequencyMS=60000, connectionPoolListeners=[io.micrometer.core.instrument.binder.mongodb.MongoMetricsConnectionPoolListener@5b02a984], maxConnecting=2}, serverSettings=ServerSettings{heartbeatFrequencyMS=10000, minHeartbeatFrequencyMS=500, serverListeners='[]', serverMonitorListeners='[]'}, sslSettings=SslSettings{enabled=true, invalidHostNameAllowed=false, context=null}, applicationName='null', compressorList=[], uuidRepresentation=JAVA_LEGACY, serverApi=null, autoEncryptionSettings=null, dnsClient=null, inetAddressResolver=null, contextProvider=null}
2024-05-28T17:38:46.672-03:00  INFO 9978 --- [demo] [qqs.mongodb.net] org.mongodb.driver.cluster               : Adding discovered server ac-cgx0izb-shard-00-01.uo2oqqs.mongodb.net:27017 to client view of cluster
2024-05-28T17:38:46.699-03:00  INFO 9978 --- [demo] [qqs.mongodb.net] org.mongodb.driver.cluster               : Adding discovered server ac-cgx0izb-shard-00-02.uo2oqqs.mongodb.net:27017 to client view of cluster
2024-05-28T17:38:46.703-03:00  INFO 9978 --- [demo] [qqs.mongodb.net] org.mongodb.driver.cluster               : Adding discovered server ac-cgx0izb-shard-00-00.uo2oqqs.mongodb.net:27017 to client view of cluster
2024-05-28T17:38:47.079-03:00  INFO 9978 --- [demo] [           main] org.mongodb.driver.cluster               : No server chosen by ReadPreferenceServerSelector{readPreference=primary} from cluster description ClusterDescription{type=REPLICA_SET, connectionMode=MULTIPLE, serverDescriptions=[ServerDescription{address=ac-cgx0izb-shard-00-01.uo2oqqs.mongodb.net:27017, type=UNKNOWN, state=CONNECTING}, ServerDescription{address=ac-cgx0izb-shard-00-02.uo2oqqs.mongodb.net:27017, type=UNKNOWN, state=CONNECTING}, ServerDescription{address=ac-cgx0izb-shard-00-00.uo2oqqs.mongodb.net:27017, type=UNKNOWN, state=CONNECTING}]}. Waiting for 30000 ms before timing out
2024-05-28T17:38:47.412-03:00  INFO 9978 --- [demo] [ngodb.net:27017] org.mongodb.driver.cluster               : Monitor thread successfully connected to server with description ServerDescription{address=ac-cgx0izb-shard-00-01.uo2oqqs.mongodb.net:27017, type=REPLICA_SET_SECONDARY, state=CONNECTED, ok=true, minWireVersion=0, maxWireVersion=21, maxDocumentSize=16777216, logicalSessionTimeoutMinutes=30, roundTripTimeNanos=287978194, setName='atlas-m4p6qm-shard-0', canonicalAddress=ac-cgx0izb-shard-00-01.uo2oqqs.mongodb.net:27017, hosts=[ac-cgx0izb-shard-00-01.uo2oqqs.mongodb.net:27017, ac-cgx0izb-shard-00-02.uo2oqqs.mongodb.net:27017, ac-cgx0izb-shard-00-00.uo2oqqs.mongodb.net:27017], passives=[], arbiters=[], primary='ac-cgx0izb-shard-00-02.uo2oqqs.mongodb.net:27017', tagSet=TagSet{[Tag{name='availabilityZone', value='southamerica-east1-b'}, Tag{name='diskState', value='READY'}, Tag{name='nodeType', value='ELECTABLE'}, Tag{name='provider', value='GCP'}, Tag{name='region', value='SOUTH_AMERICA_EAST_1'}, Tag{name='workloadType', value='OPERATIONAL'}]}, electionId=null, setVersion=11, topologyVersion=TopologyVersion{processId=6655e4cd5d160b4d67b8ab81, counter=3}, lastWriteDate=Tue May 28 17:38:47 ART 2024, lastUpdateTimeNanos=44126729892496}
2024-05-28T17:38:47.412-03:00  INFO 9978 --- [demo] [ngodb.net:27017] org.mongodb.driver.cluster               : Monitor thread successfully connected to server with description ServerDescription{address=ac-cgx0izb-shard-00-02.uo2oqqs.mongodb.net:27017, type=REPLICA_SET_PRIMARY, state=CONNECTED, ok=true, minWireVersion=0, maxWireVersion=21, maxDocumentSize=16777216, logicalSessionTimeoutMinutes=30, roundTripTimeNanos=288233413, setName='atlas-m4p6qm-shard-0', canonicalAddress=ac-cgx0izb-shard-00-02.uo2oqqs.mongodb.net:27017, hosts=[ac-cgx0izb-shard-00-01.uo2oqqs.mongodb.net:27017, ac-cgx0izb-shard-00-02.uo2oqqs.mongodb.net:27017, ac-cgx0izb-shard-00-00.uo2oqqs.mongodb.net:27017], passives=[], arbiters=[], primary='ac-cgx0izb-shard-00-02.uo2oqqs.mongodb.net:27017', tagSet=TagSet{[Tag{name='availabilityZone', value='southamerica-east1-c'}, Tag{name='diskState', value='READY'}, Tag{name='nodeType', value='ELECTABLE'}, Tag{name='provider', value='GCP'}, Tag{name='region', value='SOUTH_AMERICA_EAST_1'}, Tag{name='workloadType', value='OPERATIONAL'}]}, electionId=7fffffff00000000000000a3, setVersion=11, topologyVersion=TopologyVersion{processId=6655e479c5a468a007bc5084, counter=6}, lastWriteDate=Tue May 28 17:38:47 ART 2024, lastUpdateTimeNanos=44126730164977}
2024-05-28T17:38:47.412-03:00  INFO 9978 --- [demo] [ngodb.net:27017] org.mongodb.driver.cluster               : Monitor thread successfully connected to server with description ServerDescription{address=ac-cgx0izb-shard-00-00.uo2oqqs.mongodb.net:27017, type=REPLICA_SET_SECONDARY, state=CONNECTED, ok=true, minWireVersion=0, maxWireVersion=21, maxDocumentSize=16777216, logicalSessionTimeoutMinutes=30, roundTripTimeNanos=132791445, setName='atlas-m4p6qm-shard-0', canonicalAddress=ac-cgx0izb-shard-00-00.uo2oqqs.mongodb.net:27017, hosts=[ac-cgx0izb-shard-00-01.uo2oqqs.mongodb.net:27017, ac-cgx0izb-shard-00-02.uo2oqqs.mongodb.net:27017, ac-cgx0izb-shard-00-00.uo2oqqs.mongodb.net:27017], passives=[], arbiters=[], primary='ac-cgx0izb-shard-00-02.uo2oqqs.mongodb.net:27017', tagSet=TagSet{[Tag{name='availabilityZone', value='southamerica-east1-a'}, Tag{name='diskState', value='READY'}, Tag{name='nodeType', value='ELECTABLE'}, Tag{name='provider', value='GCP'}, Tag{name='region', value='SOUTH_AMERICA_EAST_1'}, Tag{name='workloadType', value='OPERATIONAL'}]}, electionId=null, setVersion=11, topologyVersion=TopologyVersion{processId=6655e427c34aa50f1f961710, counter=4}, lastWriteDate=Tue May 28 17:38:47 ART 2024, lastUpdateTimeNanos=44126730230624}
2024-05-28T17:38:47.416-03:00  INFO 9978 --- [demo] [ngodb.net:27017] org.mongodb.driver.cluster               : Discovered replica set primary ac-cgx0izb-shard-00-02.uo2oqqs.mongodb.net:27017 with max election id 7fffffff00000000000000a3 and max set version 11
2024-05-28T17:38:48.552-03:00  INFO 9978 --- [demo] [           main] o.s.b.a.e.web.EndpointLinksResolver      : Exposing 13 endpoint(s) beneath base path '/actuator'
2024-05-28T17:38:48.642-03:00  INFO 9978 --- [demo] [           main] c.mercadolibre.EjercicioApplicationTest  : Started EjercicioApplicationTest in 3.79 seconds (process running for 4.855)

  .   ____          _            __ _ _
 /\\ / ___'_ __ _ _(_)_ __  __ _ \ \ \ \
( ( )\___ | '_ | '_| | '_ \/ _` | \ \ \ \
 \\/  ___)| |_)| | | | | || (_| |  ) ) ) )
  '  |____| .__|_| |_|_| |_\__, | / / / /
 =========|_|==============|___/=/_/_/_/
 :: Spring Boot ::                (v3.2.5)

2024-05-28T17:38:49.401-03:00  INFO 9978 --- [demo] [           main] com.mercadolibre.EjercicioApplication    : Starting EjercicioApplication using Java 17.0.5 with PID 9978 (started by axelarrondo in /Users/axelarrondo/repo/ejercicio/ejercicio)
2024-05-28T17:38:49.402-03:00  INFO 9978 --- [demo] [           main] com.mercadolibre.EjercicioApplication    : No active profile set, falling back to 1 default profile: "default"
2024-05-28T17:38:49.540-03:00  INFO 9978 --- [demo] [           main] .s.d.r.c.RepositoryConfigurationDelegate : Bootstrapping Spring Data MongoDB repositories in DEFAULT mode.
2024-05-28T17:38:49.544-03:00  INFO 9978 --- [demo] [           main] .s.d.r.c.RepositoryConfigurationDelegate : Finished Spring Data repository scanning in 3 ms. Found 1 MongoDB repository interface.
2024-05-28T17:38:49.751-03:00  INFO 9978 --- [demo] [           main] o.s.b.w.embedded.tomcat.TomcatWebServer  : Tomcat initialized with port 8080 (http)
2024-05-28T17:38:49.760-03:00  INFO 9978 --- [demo] [           main] o.apache.catalina.core.StandardService   : Starting service [Tomcat]
2024-05-28T17:38:49.761-03:00  INFO 9978 --- [demo] [           main] o.apache.catalina.core.StandardEngine    : Starting Servlet engine: [Apache Tomcat/10.1.20]
2024-05-28T17:38:49.808-03:00  INFO 9978 --- [demo] [           main] o.a.c.c.C.[Tomcat].[localhost].[/]       : Initializing Spring embedded WebApplicationContext
2024-05-28T17:38:49.809-03:00  INFO 9978 --- [demo] [           main] w.s.c.ServletWebServerApplicationContext : Root WebApplicationContext: initialization completed in 404 ms
2024-05-28T17:38:49.910-03:00  INFO 9978 --- [demo] [           main] org.mongodb.driver.client                : MongoClient with metadata {"driver": {"name": "mongo-java-driver|sync|spring-boot", "version": "4.11.2"}, "os": {"type": "Darwin", "name": "Mac OS X", "architecture": "x86_64", "version": "13.6.6"}, "platform": "Java/Eclipse Adoptium/17.0.5+8"} created with settings MongoClientSettings{readPreference=primary, writeConcern=WriteConcern{w=null, wTimeout=null ms, journal=null}, retryWrites=true, retryReads=true, readConcern=ReadConcern{level=null}, credential=MongoCredential{mechanism=null, userName='axelarrondo', source='admin', password=<hidden>, mechanismProperties=<hidden>}, transportSettings=null, streamFactoryFactory=null, commandListeners=[io.micrometer.core.instrument.binder.mongodb.MongoMetricsCommandListener@70b0dc92], codecRegistry=ProvidersCodecRegistry{codecProviders=[ValueCodecProvider{}, BsonValueCodecProvider{}, DBRefCodecProvider{}, DBObjectCodecProvider{}, DocumentCodecProvider{}, CollectionCodecProvider{}, IterableCodecProvider{}, MapCodecProvider{}, GeoJsonCodecProvider{}, GridFSFileCodecProvider{}, Jsr310CodecProvider{}, JsonObjectCodecProvider{}, BsonCodecProvider{}, EnumCodecProvider{}, com.mongodb.client.model.mql.ExpressionCodecProvider@7aded903, com.mongodb.Jep395RecordCodecProvider@2db86a7c, com.mongodb.KotlinCodecProvider@261f359f]}, loggerSettings=LoggerSettings{maxDocumentLength=1000}, clusterSettings={hosts=[127.0.0.1:27017], srvHost=cluster0.uo2oqqs.mongodb.net, srvServiceName=mongodb, mode=MULTIPLE, requiredClusterType=REPLICA_SET, requiredReplicaSetName='atlas-m4p6qm-shard-0', serverSelector='null', clusterListeners='[]', serverSelectionTimeout='30000 ms', localThreshold='15 ms'}, socketSettings=SocketSettings{connectTimeoutMS=10000, readTimeoutMS=0, receiveBufferSize=0, proxySettings=ProxySettings{host=null, port=null, username=null, password=null}}, heartbeatSocketSettings=SocketSettings{connectTimeoutMS=10000, readTimeoutMS=10000, receiveBufferSize=0, proxySettings=ProxySettings{host=null, port=null, username=null, password=null}}, connectionPoolSettings=ConnectionPoolSettings{maxSize=100, minSize=0, maxWaitTimeMS=120000, maxConnectionLifeTimeMS=0, maxConnectionIdleTimeMS=0, maintenanceInitialDelayMS=0, maintenanceFrequencyMS=60000, connectionPoolListeners=[io.micrometer.core.instrument.binder.mongodb.MongoMetricsConnectionPoolListener@309d54ac], maxConnecting=2}, serverSettings=ServerSettings{heartbeatFrequencyMS=10000, minHeartbeatFrequencyMS=500, serverListeners='[]', serverMonitorListeners='[]'}, sslSettings=SslSettings{enabled=true, invalidHostNameAllowed=false, context=null}, applicationName='null', compressorList=[], uuidRepresentation=JAVA_LEGACY, serverApi=null, autoEncryptionSettings=null, dnsClient=null, inetAddressResolver=null, contextProvider=null}
2024-05-28T17:38:49.926-03:00  INFO 9978 --- [demo] [qqs.mongodb.net] org.mongodb.driver.cluster               : Adding discovered server ac-cgx0izb-shard-00-01.uo2oqqs.mongodb.net:27017 to client view of cluster
2024-05-28T17:38:49.931-03:00  INFO 9978 --- [demo] [qqs.mongodb.net] org.mongodb.driver.cluster               : Adding discovered server ac-cgx0izb-shard-00-02.uo2oqqs.mongodb.net:27017 to client view of cluster
2024-05-28T17:38:49.934-03:00  INFO 9978 --- [demo] [qqs.mongodb.net] org.mongodb.driver.cluster               : Adding discovered server ac-cgx0izb-shard-00-00.uo2oqqs.mongodb.net:27017 to client view of cluster
2024-05-28T17:38:49.937-03:00  INFO 9978 --- [demo] [           main] org.mongodb.driver.cluster               : No server chosen by ReadPreferenceServerSelector{readPreference=primary} from cluster description ClusterDescription{type=REPLICA_SET, connectionMode=MULTIPLE, serverDescriptions=[ServerDescription{address=ac-cgx0izb-shard-00-01.uo2oqqs.mongodb.net:27017, type=UNKNOWN, state=CONNECTING}, ServerDescription{address=ac-cgx0izb-shard-00-02.uo2oqqs.mongodb.net:27017, type=UNKNOWN, state=CONNECTING}, ServerDescription{address=ac-cgx0izb-shard-00-00.uo2oqqs.mongodb.net:27017, type=UNKNOWN, state=CONNECTING}]}. Waiting for 30000 ms before timing out
2024-05-28T17:38:50.100-03:00  INFO 9978 --- [demo] [ngodb.net:27017] org.mongodb.driver.cluster               : Monitor thread successfully connected to server with description ServerDescription{address=ac-cgx0izb-shard-00-01.uo2oqqs.mongodb.net:27017, type=REPLICA_SET_SECONDARY, state=CONNECTED, ok=true, minWireVersion=0, maxWireVersion=21, maxDocumentSize=16777216, logicalSessionTimeoutMinutes=30, roundTripTimeNanos=109185128, setName='atlas-m4p6qm-shard-0', canonicalAddress=ac-cgx0izb-shard-00-01.uo2oqqs.mongodb.net:27017, hosts=[ac-cgx0izb-shard-00-01.uo2oqqs.mongodb.net:27017, ac-cgx0izb-shard-00-02.uo2oqqs.mongodb.net:27017, ac-cgx0izb-shard-00-00.uo2oqqs.mongodb.net:27017], passives=[], arbiters=[], primary='ac-cgx0izb-shard-00-02.uo2oqqs.mongodb.net:27017', tagSet=TagSet{[Tag{name='availabilityZone', value='southamerica-east1-b'}, Tag{name='diskState', value='READY'}, Tag{name='nodeType', value='ELECTABLE'}, Tag{name='provider', value='GCP'}, Tag{name='region', value='SOUTH_AMERICA_EAST_1'}, Tag{name='workloadType', value='OPERATIONAL'}]}, electionId=null, setVersion=11, topologyVersion=TopologyVersion{processId=6655e4cd5d160b4d67b8ab81, counter=3}, lastWriteDate=Tue May 28 17:38:50 ART 2024, lastUpdateTimeNanos=44129422400069}
2024-05-28T17:38:50.109-03:00  INFO 9978 --- [demo] [ngodb.net:27017] org.mongodb.driver.cluster               : Monitor thread successfully connected to server with description ServerDescription{address=ac-cgx0izb-shard-00-00.uo2oqqs.mongodb.net:27017, type=REPLICA_SET_SECONDARY, state=CONNECTED, ok=true, minWireVersion=0, maxWireVersion=21, maxDocumentSize=16777216, logicalSessionTimeoutMinutes=30, roundTripTimeNanos=117775771, setName='atlas-m4p6qm-shard-0', canonicalAddress=ac-cgx0izb-shard-00-00.uo2oqqs.mongodb.net:27017, hosts=[ac-cgx0izb-shard-00-01.uo2oqqs.mongodb.net:27017, ac-cgx0izb-shard-00-02.uo2oqqs.mongodb.net:27017, ac-cgx0izb-shard-00-00.uo2oqqs.mongodb.net:27017], passives=[], arbiters=[], primary='ac-cgx0izb-shard-00-02.uo2oqqs.mongodb.net:27017', tagSet=TagSet{[Tag{name='availabilityZone', value='southamerica-east1-a'}, Tag{name='diskState', value='READY'}, Tag{name='nodeType', value='ELECTABLE'}, Tag{name='provider', value='GCP'}, Tag{name='region', value='SOUTH_AMERICA_EAST_1'}, Tag{name='workloadType', value='OPERATIONAL'}]}, electionId=null, setVersion=11, topologyVersion=TopologyVersion{processId=6655e427c34aa50f1f961710, counter=4}, lastWriteDate=Tue May 28 17:38:50 ART 2024, lastUpdateTimeNanos=44129430989039}
2024-05-28T17:38:50.125-03:00  INFO 9978 --- [demo] [ngodb.net:27017] org.mongodb.driver.cluster               : Monitor thread successfully connected to server with description ServerDescription{address=ac-cgx0izb-shard-00-02.uo2oqqs.mongodb.net:27017, type=REPLICA_SET_PRIMARY, state=CONNECTED, ok=true, minWireVersion=0, maxWireVersion=21, maxDocumentSize=16777216, logicalSessionTimeoutMinutes=30, roundTripTimeNanos=134098629, setName='atlas-m4p6qm-shard-0', canonicalAddress=ac-cgx0izb-shard-00-02.uo2oqqs.mongodb.net:27017, hosts=[ac-cgx0izb-shard-00-01.uo2oqqs.mongodb.net:27017, ac-cgx0izb-shard-00-02.uo2oqqs.mongodb.net:27017, ac-cgx0izb-shard-00-00.uo2oqqs.mongodb.net:27017], passives=[], arbiters=[], primary='ac-cgx0izb-shard-00-02.uo2oqqs.mongodb.net:27017', tagSet=TagSet{[Tag{name='availabilityZone', value='southamerica-east1-c'}, Tag{name='diskState', value='READY'}, Tag{name='nodeType', value='ELECTABLE'}, Tag{name='provider', value='GCP'}, Tag{name='region', value='SOUTH_AMERICA_EAST_1'}, Tag{name='workloadType', value='OPERATIONAL'}]}, electionId=7fffffff00000000000000a3, setVersion=11, topologyVersion=TopologyVersion{processId=6655e479c5a468a007bc5084, counter=6}, lastWriteDate=Tue May 28 17:38:50 ART 2024, lastUpdateTimeNanos=44129447608951}
2024-05-28T17:38:50.126-03:00  INFO 9978 --- [demo] [ngodb.net:27017] org.mongodb.driver.cluster               : Discovered replica set primary ac-cgx0izb-shard-00-02.uo2oqqs.mongodb.net:27017 with max election id 7fffffff00000000000000a3 and max set version 11
2024-05-28T17:38:50.741-03:00  INFO 9978 --- [demo] [           main] o.s.b.a.e.web.EndpointLinksResolver      : Exposing 13 endpoint(s) beneath base path '/actuator'
2024-05-28T17:38:50.777-03:00  INFO 9978 --- [demo] [           main] o.s.b.w.embedded.tomcat.TomcatWebServer  : Tomcat started on port 8080 (http) with context path ''
2024-05-28T17:38:50.783-03:00  INFO 9978 --- [demo] [           main] com.mercadolibre.EjercicioApplication    : Started EjercicioApplication in 1.399 seconds (process running for 6.997)
2024-05-28T17:38:50.786-03:00  INFO 9978 --- [demo] [           main] com.mercadolibre.EjercicioApplication    : Start Application
2024-05-28T17:38:50.786-03:00  INFO 9978 --- [demo] [           main] com.mercadolibre.EjercicioApplication    : do a request!
]]></system-out>
    <system-err><![CDATA[SLF4J(W): Class path contains multiple SLF4J providers.
SLF4J(W): Found provider [ch.qos.logback.classic.spi.LogbackServiceProvider@10e31a9a]
SLF4J(W): Found provider [org.apache.logging.slf4j.SLF4JServiceProvider@131774fe]
SLF4J(W): See https://www.slf4j.org/codes.html#multiple_bindings for an explanation.
SLF4J(I): Actual provider is of type [ch.qos.logback.classic.spi.LogbackServiceProvider@10e31a9a]
]]></system-err>
  </testcase>
</testsuite>